This file contains any messages produced by compilers while
running configure, to aid debugging if configure makes a mistake.

It was created by readline configure 6.2, which was
generated by GNU Autoconf 2.69.  Invocation command line was

  $ /home/labredes/Downloads/gdb-8.3/readline/configure --srcdir=.././readline --cache-file=./config.cache --prefix=/home/labredes/temp/gdb --program-transform-name=s,y,y, --disable-option-checking --build=x86_64-pc-linux-gnu --host=x86_64-pc-linux-gnu --target=x86_64-pc-linux-gnu

## --------- ##
## Platform. ##
## --------- ##

hostname = Labredes
uname -m = x86_64
uname -r = 4.9.0-8-amd64
uname -s = Linux
uname -v = #1 SMP Debian 4.9.130-2 (2018-10-27)

/usr/bin/uname -p = unknown
/bin/uname -X     = unknown

/bin/arch              = unknown
/usr/bin/arch -k       = unknown
/usr/convex/getsysinfo = unknown
/usr/bin/hostinfo      = unknown
/bin/machine           = unknown
/usr/bin/oslevel       = unknown
/bin/universe          = unknown

PATH: /home/labredes/anaconda2/bin
PATH: /home/labredes/anaconda2/condabin
PATH: /usr/local/bin
PATH: /usr/bin
PATH: /bin
PATH: /usr/local/games
PATH: /usr/games
PATH: /home/labredes/Documentos/linuxdistro/buildroot/output/host/bin


## ----------- ##
## Core tests. ##
## ----------- ##

configure:2129: loading cache ./config.cache
configure:2255: checking build system type
configure:2269: result: x86_64-pc-linux-gnu
configure:2289: checking host system type
configure:2302: result: x86_64-pc-linux-gnu
configure:2403: checking whether make sets $(MAKE)
configure:2425: result: yes
configure:2442: checking for x86_64-pc-linux-gnu-gcc
configure:2469: result: gcc
configure:2738: checking for C compiler version
configure:2747: gcc --version >&5
gcc (Debian 6.3.0-18+deb9u1) 6.3.0 20170516
Copyright (C) 2016 Free Software Foundation, Inc.
This is free software; see the source for copying conditions.  There is NO
warranty; not even for MERCHANTABILITY or FITNESS FOR A PARTICULAR PURPOSE.

configure:2758: $? = 0
configure:2747: gcc -v >&5
Using built-in specs.
COLLECT_GCC=gcc
COLLECT_LTO_WRAPPER=/usr/lib/gcc/x86_64-linux-gnu/6/lto-wrapper
Target: x86_64-linux-gnu
Configured with: ../src/configure -v --with-pkgversion='Debian 6.3.0-18+deb9u1' --with-bugurl=file:///usr/share/doc/gcc-6/README.Bugs --enable-languages=c,ada,c++,java,go,d,fortran,objc,obj-c++ --prefix=/usr --program-suffix=-6 --program-prefix=x86_64-linux-gnu- --enable-shared --enable-linker-build-id --libexecdir=/usr/lib --without-included-gettext --enable-threads=posix --libdir=/usr/lib --enable-nls --with-sysroot=/ --enable-clocale=gnu --enable-libstdcxx-debug --enable-libstdcxx-time=yes --with-default-libstdcxx-abi=new --enable-gnu-unique-object --disable-vtable-verify --enable-libmpx --enable-plugin --enable-default-pie --with-system-zlib --disable-browser-plugin --enable-java-awt=gtk --enable-gtk-cairo --with-java-home=/usr/lib/jvm/java-1.5.0-gcj-6-amd64/jre --enable-java-home --with-jvm-root-dir=/usr/lib/jvm/java-1.5.0-gcj-6-amd64 --with-jvm-jar-dir=/usr/lib/jvm-exports/java-1.5.0-gcj-6-amd64 --with-arch-directory=amd64 --with-ecj-jar=/usr/share/java/eclipse-ecj.jar --with-target-system-zlib --enable-objc-gc=auto --enable-multiarch --with-arch-32=i686 --with-abi=m64 --with-multilib-list=m32,m64,mx32 --enable-multilib --with-tune=generic --enable-checking=release --build=x86_64-linux-gnu --host=x86_64-linux-gnu --target=x86_64-linux-gnu
Thread model: posix
gcc version 6.3.0 20170516 (Debian 6.3.0-18+deb9u1) 
configure:2758: $? = 0
configure:2747: gcc -V >&5
gcc: error: unrecognized command line option '-V'
gcc: fatal error: no input files
compilation terminated.
configure:2758: $? = 1
configure:2747: gcc -qversion >&5
gcc: error: unrecognized command line option '-qversion'; did you mean '--version'?
gcc: fatal error: no input files
compilation terminated.
configure:2758: $? = 1
configure:2778: checking whether the C compiler works
configure:2800: gcc -g -O2  -static-libstdc++ -static-libgcc  conftest.c  >&5
configure:2804: $? = 0
configure:2852: result: yes
configure:2855: checking for C compiler default output file name
configure:2857: result: a.out
configure:2863: checking for suffix of executables
configure:2870: gcc -o conftest -g -O2  -static-libstdc++ -static-libgcc  conftest.c  >&5
configure:2874: $? = 0
configure:2896: result: 
configure:2918: checking whether we are cross compiling
configure:2926: gcc -o conftest -g -O2  -static-libstdc++ -static-libgcc  conftest.c  >&5
configure:2930: $? = 0
configure:2937: ./conftest
configure:2941: $? = 0
configure:2956: result: no
configure:2961: checking for suffix of object files
configure:3008: result: o
configure:3012: checking whether we are using the GNU C compiler
configure:3040: result: yes
configure:3049: checking whether gcc accepts -g
configure:3110: result: yes
configure:3127: checking for gcc option to accept ISO C89
configure:3203: result: none needed
configure:3229: checking how to run the C preprocessor
configure:3299: result: gcc -E
configure:3319: gcc -E  conftest.c
configure:3319: $? = 0
configure:3333: gcc -E  conftest.c
conftest.c:9:28: fatal error: ac_nonexistent.h: No such file or directory
 #include <ac_nonexistent.h>
                            ^
compilation terminated.
configure:3333: $? = 1
configure: failed program was:
| /* confdefs.h */
| #define PACKAGE_NAME "readline"
| #define PACKAGE_TARNAME "readline"
| #define PACKAGE_VERSION "6.2"
| #define PACKAGE_STRING "readline 6.2"
| #define PACKAGE_BUGREPORT "bug-readline@gnu.org"
| #define PACKAGE_URL ""
| /* end confdefs.h.  */
| #include <ac_nonexistent.h>
configure:3362: checking for grep that handles long lines and -e
configure:3420: result: /bin/grep
configure:3425: checking for egrep
configure:3487: result: /bin/grep -E
configure:3492: checking for ANSI C header files
configure:3596: result: yes
configure:3609: checking for sys/types.h
configure:3609: result: yes
configure:3609: checking for sys/stat.h
configure:3609: result: yes
configure:3609: checking for stdlib.h
configure:3609: result: yes
configure:3609: checking for string.h
configure:3609: result: yes
configure:3609: checking for memory.h
configure:3609: result: yes
configure:3609: checking for strings.h
configure:3609: result: yes
configure:3609: checking for inttypes.h
configure:3609: result: yes
configure:3609: checking for stdint.h
configure:3609: result: yes
configure:3609: checking for unistd.h
configure:3609: result: yes
configure:3622: checking for minix/config.h
configure:3622: result: no
configure:3643: checking whether it is safe to define __EXTENSIONS__
configure:3668: result: yes
configure:3688: checking whether gcc needs -traditional
configure:3722: result: no
configure:3743: checking for a BSD-compatible install
configure:3811: result: /usr/bin/install -c
configure:3824: checking for ar
configure:3852: result: ar
configure:3864: checking for x86_64-pc-linux-gnu-ranlib
configure:3891: result: ranlib
configure:3957: checking for an ANSI C-conforming const
configure:4030: result: yes
configure:4038: checking for function prototypes
configure:4041: result: yes
configure:4054: checking whether char is unsigned
configure:4080: result: no
configure:4087: checking for working volatile
configure:4113: result: yes
configure:4122: checking return type of signal handlers
configure:4147: result: void
configure:4156: checking for size_t
configure:4156: result: yes
configure:4167: checking for ssize_t
configure:4167: result: yes
configure:4179: checking for ANSI C header files
configure:4283: result: yes
configure:4292: checking whether stat file-mode macros are broken
configure:4326: result: no
configure:4337: checking for dirent.h that defines DIR
configure:4364: result: yes
configure:4377: checking for library containing opendir
configure:4425: result: none required
configure:4496: checking for fcntl
configure:4496: result: yes
configure:4496: checking for kill
configure:4496: result: yes
configure:4496: checking for lstat
configure:4496: result: yes
configure:4509: checking for memmove
configure:4509: result: yes
configure:4509: checking for putenv
configure:4509: result: yes
configure:4509: checking for select
configure:4509: result: yes
configure:4509: checking for setenv
configure:4509: result: yes
configure:4509: checking for setlocale
configure:4509: result: yes
configure:4509: checking for strcasecmp
configure:4509: result: yes
configure:4509: checking for strpbrk
configure:4509: result: yes
configure:4509: checking for tcgetattr
configure:4509: result: yes
configure:4509: checking for vsnprintf
configure:4509: result: yes
configure:4521: checking for isascii
configure:4521: result: yes
configure:4521: checking for isxdigit
configure:4521: result: yes
configure:4533: checking for getpwent
configure:4533: result: yes
configure:4533: checking for getpwnam
configure:4533: result: yes
configure:4533: checking for getpwuid
configure:4533: result: yes
configure:4543: checking for working strcoll
configure:4574: result: yes
configure:4587: checking for fcntl.h
configure:4587: result: yes
configure:4587: checking for unistd.h
configure:4587: result: yes
configure:4587: checking for stdlib.h
configure:4587: result: yes
configure:4587: checking for varargs.h
configure:4587: result: no
configure:4587: checking for stdarg.h
configure:4587: result: yes
configure:4587: checking for string.h
configure:4587: result: yes
configure:4587: checking for strings.h
configure:4587: result: yes
configure:4587: checking for limits.h
configure:4587: result: yes
configure:4587: checking for locale.h
configure:4587: result: yes
configure:4587: checking for pwd.h
configure:4587: result: yes
configure:4587: checking for memory.h
configure:4587: result: yes
configure:4587: checking for termcap.h
configure:4587: result: yes
configure:4587: checking for termios.h
configure:4587: result: yes
configure:4587: checking for termio.h
configure:4587: result: yes
configure:4600: checking for sys/pte.h
configure:4600: result: no
configure:4600: checking for sys/stream.h
configure:4600: result: no
configure:4600: checking for sys/select.h
configure:4600: result: yes
configure:4600: checking for sys/file.h
configure:4600: result: yes
configure:4613: checking for sys/ptem.h
configure:4613: result: no
configure:4636: checking for special C compiler options needed for large files
configure:4681: result: no
configure:4687: checking for _FILE_OFFSET_BITS value needed for large files
configure:4744: result: no
configure:4831: checking for type of signal functions
configure:4912: result: posix
configure:4927: checking if signal handlers must be reinstalled when invoked
configure:4996: result: no
configure:5005: checking for presence of POSIX-style sigsetjmp/siglongjmp
configure:5068: result: present
configure:5075: checking for lstat
configure:5102: result: yes
configure:5110: checking whether or not strcoll and strcmp differ
configure:5171: result: no
configure:5179: checking whether the ctype macros accept non-ascii characters
configure:5235: result: no
configure:5243: checking whether getpw functions are declared in pwd.h
configure:5268: result: yes
configure:5276: checking whether termios.h defines TIOCGWINSZ
configure:5299: result: no
configure:5303: checking whether sys/ioctl.h defines TIOCGWINSZ
configure:5326: result: yes
configure:5337: checking for sig_atomic_t in signal.h
configure:5363: result: yes
configure:5380: checking whether signal handlers are of type void
configure:5411: result: yes
configure:5419: checking for TIOCSTAT in sys/ioctl.h
configure:5444: result: no
configure:5451: checking for FIONREAD in sys/ioctl.h
configure:5476: result: yes
configure:5483: checking for speed_t in sys/types.h
configure:5507: result: no
configure:5514: checking for struct winsize in sys/ioctl.h and termios.h
configure:5558: result: sys/ioctl.h
configure:5573: checking for struct dirent.d_ino
configure:5619: result: yes
configure:5627: checking for struct dirent.d_fileno
configure:5673: result: yes
configure:5688: checking which library has the termcap functions
configure:5872: result: using libtermcap
configure:5920: checking for wctype.h
configure:5920: result: yes
configure:5932: checking for wchar.h
configure:5932: result: yes
configure:5944: checking for langinfo.h
configure:5944: result: yes
configure:5955: checking for mbrlen
configure:5955: result: yes
configure:5961: checking for mbscasecmp
configure:5961: result: no
configure:5967: checking for mbscmp
configure:5967: result: no
configure:5973: checking for mbsnrtowcs
configure:5973: result: yes
configure:5979: checking for mbsrtowcs
configure:5979: result: yes
configure:5987: checking for mbschr
configure:5987: result: no
configure:6002: checking for wcrtomb
configure:6002: result: yes
configure:6008: checking for wcscoll
configure:6008: result: yes
configure:6014: checking for wcsdup
configure:6014: result: yes
configure:6020: checking for wcwidth
configure:6020: result: yes
configure:6026: checking for wctype
configure:6026: result: yes
configure:6033: checking for wcswidth
configure:6033: result: yes
configure:6049: checking whether mbrtowc and mbstate_t are properly declared
configure:6077: result: yes
configure:6093: checking for iswlower
configure:6093: result: yes
configure:6093: checking for iswupper
configure:6093: result: yes
configure:6093: checking for towlower
configure:6093: result: yes
configure:6093: checking for towupper
configure:6093: result: yes
configure:6093: checking for iswctype
configure:6093: result: yes
configure:6103: checking for nl_langinfo and CODESET
configure:6127: result: yes
configure:6134: checking for wchar_t in wchar.h
configure:6161: result: yes
configure:6169: checking for wctype_t in wctype.h
configure:6195: result: yes
configure:6203: checking for wint_t in wctype.h
configure:6229: result: yes
configure:6271: checking configuration for building shared libraries
configure:6295: result: supported
configure:6472: creating ./config.status

## ---------------------- ##
## Running config.status. ##
## ---------------------- ##

This file was extended by readline config.status 6.2, which was
generated by GNU Autoconf 2.69.  Invocation command line was

  CONFIG_FILES    = 
  CONFIG_HEADERS  = 
  CONFIG_LINKS    = 
  CONFIG_COMMANDS = 
  $ ./config.status 

on Labredes

config.status:928: creating Makefile
config.status:928: creating doc/Makefile
config.status:928: creating examples/Makefile
config.status:928: creating shlib/Makefile
config.status:928: creating config.h
config.status:1103: config.h is unchanged
config.status:1117: executing default commands

## ---------------- ##
## Cache variables. ##
## ---------------- ##

ac_cv_build=x86_64-pc-linux-gnu
ac_cv_c_char_unsigned=no
ac_cv_c_compiler_gnu=yes
ac_cv_c_const=yes
ac_cv_c_volatile=yes
ac_cv_env_CC_set=set
ac_cv_env_CC_value=gcc
ac_cv_env_CFLAGS_set=set
ac_cv_env_CFLAGS_value='-g -O2'
ac_cv_env_CPPFLAGS_set=
ac_cv_env_CPPFLAGS_value=
ac_cv_env_CPP_set=
ac_cv_env_CPP_value=
ac_cv_env_LDFLAGS_set=set
ac_cv_env_LDFLAGS_value='-static-libstdc++ -static-libgcc '
ac_cv_env_LIBS_set=
ac_cv_env_LIBS_value=
ac_cv_env_build_alias_set=set
ac_cv_env_build_alias_value=x86_64-pc-linux-gnu
ac_cv_env_host_alias_set=set
ac_cv_env_host_alias_value=x86_64-pc-linux-gnu
ac_cv_env_target_alias_set=set
ac_cv_env_target_alias_value=x86_64-pc-linux-gnu
ac_cv_func_fcntl=yes
ac_cv_func_getpwent=yes
ac_cv_func_getpwnam=yes
ac_cv_func_getpwuid=yes
ac_cv_func_isascii=yes
ac_cv_func_iswctype=yes
ac_cv_func_iswlower=yes
ac_cv_func_iswupper=yes
ac_cv_func_isxdigit=yes
ac_cv_func_kill=yes
ac_cv_func_lstat=yes
ac_cv_func_mbrlen=yes
ac_cv_func_mbrtowc=yes
ac_cv_func_mbscasecmp=no
ac_cv_func_mbschr=no
ac_cv_func_mbscmp=no
ac_cv_func_mbsnrtowcs=yes
ac_cv_func_mbsrtowcs=yes
ac_cv_func_memmove=yes
ac_cv_func_putenv=yes
ac_cv_func_select=yes
ac_cv_func_setenv=yes
ac_cv_func_setlocale=yes
ac_cv_func_strcasecmp=yes
ac_cv_func_strcoll_works=yes
ac_cv_func_strpbrk=yes
ac_cv_func_tcgetattr=yes
ac_cv_func_tgetent=no
ac_cv_func_towlower=yes
ac_cv_func_towupper=yes
ac_cv_func_vsnprintf=yes
ac_cv_func_wcrtomb=yes
ac_cv_func_wcscoll=yes
ac_cv_func_wcsdup=yes
ac_cv_func_wcswidth=yes
ac_cv_func_wctype=yes
ac_cv_func_wcwidth=yes
ac_cv_have_sig_atomic_t=yes
ac_cv_header_dirent_dirent_h=yes
ac_cv_header_fcntl_h=yes
ac_cv_header_inttypes_h=yes
ac_cv_header_langinfo_h=yes
ac_cv_header_limits_h=yes
ac_cv_header_locale_h=yes
ac_cv_header_memory_h=yes
ac_cv_header_minix_config_h=no
ac_cv_header_pwd_h=yes
ac_cv_header_stat_broken=no
ac_cv_header_stdarg_h=yes
ac_cv_header_stdc=yes
ac_cv_header_stdint_h=yes
ac_cv_header_stdlib_h=yes
ac_cv_header_string_h=yes
ac_cv_header_strings_h=yes
ac_cv_header_sys_file_h=yes
ac_cv_header_sys_pte_h=no
ac_cv_header_sys_ptem_h=no
ac_cv_header_sys_select_h=yes
ac_cv_header_sys_stat_h=yes
ac_cv_header_sys_stream_h=no
ac_cv_header_sys_types_h=yes
ac_cv_header_termcap_h=yes
ac_cv_header_termio_h=yes
ac_cv_header_termios_h=yes
ac_cv_header_unistd_h=yes
ac_cv_header_varargs_h=no
ac_cv_header_wchar_h=yes
ac_cv_header_wctype_h=yes
ac_cv_host=x86_64-pc-linux-gnu
ac_cv_lib_termcap_tgetent=yes
ac_cv_objext=o
ac_cv_path_EGREP='/bin/grep -E'
ac_cv_path_GREP=/bin/grep
ac_cv_prog_AR=ar
ac_cv_prog_CC=gcc
ac_cv_prog_CPP='gcc -E'
ac_cv_prog_RANLIB=ranlib
ac_cv_prog_cc_c89=
ac_cv_prog_cc_g=yes
ac_cv_prog_gcc_traditional=no
ac_cv_prog_make_make_set=yes
ac_cv_safe_to_define___extensions__=yes
ac_cv_search_opendir='none required'
ac_cv_sys_file_offset_bits=no
ac_cv_sys_largefile_CC=no
ac_cv_sys_tiocgwinsz_in_sys_ioctl_h=yes
ac_cv_sys_tiocgwinsz_in_termios_h=no
ac_cv_type_signal=void
ac_cv_type_size_t=yes
ac_cv_type_ssize_t=yes
bash_cv_dirent_has_d_fileno=yes
bash_cv_dirent_has_dino=yes
bash_cv_fionread_in_ioctl=yes
bash_cv_func_ctype_nonascii=no
bash_cv_func_lstat=yes
bash_cv_func_sigsetjmp=present
bash_cv_func_strcoll_broken=no
bash_cv_getpw_declared=yes
bash_cv_langinfo_codeset=yes
bash_cv_must_reinstall_sighandlers=no
bash_cv_signal_vintage=posix
bash_cv_speed_t_in_sys_types=no
bash_cv_struct_winsize_header=ioctl_h
bash_cv_termcap_lib=libtermcap
bash_cv_tiocstat_in_ioctl=no
bash_cv_type_wchar_t=yes
bash_cv_type_wctype_t=yes
bash_cv_type_wint_t=yes
bash_cv_void_sighandler=yes

## ----------------- ##
## Output variables. ##
## ----------------- ##

AR='ar'
ARFLAGS='cr'
BUILD_DIR='/home/labredes/Downloads/gdb-8.3/readline'
CC='gcc'
CFLAGS='-g -O2'
CPP='gcc -E'
CPPFLAGS=''
CROSS_COMPILE=''
DEFS='-DHAVE_CONFIG_H'
ECHO_C=''
ECHO_N='-n'
ECHO_T=''
EGREP='/bin/grep -E'
EXEEXT=''
GREP='/bin/grep'
INSTALL_DATA='/usr/bin/install -c -m 644'
INSTALL_PROGRAM='/usr/bin/install -c'
INSTALL_SCRIPT='/usr/bin/install -c'
LDFLAGS='-static-libstdc++ -static-libgcc '
LIBOBJS=' ${LIBOBJDIR}mbschr$U.o'
LIBS=''
LIBVERSION='6.2'
LOCAL_CFLAGS=''
LOCAL_DEFS=''
LOCAL_LDFLAGS=''
LTLIBOBJS=' ${LIBOBJDIR}mbschr$U.lo'
MAKE_SHELL='/bin/sh'
OBJEXT='o'
PACKAGE_BUGREPORT='bug-readline@gnu.org'
PACKAGE_NAME='readline'
PACKAGE_STRING='readline 6.2'
PACKAGE_TARNAME='readline'
PACKAGE_URL=''
PACKAGE_VERSION='6.2'
PATH_SEPARATOR=':'
PURIFY=''
RANLIB='ranlib'
SET_MAKE=''
SHARED_INSTALL_TARGET=''
SHARED_TARGET=''
SHELL='/bin/bash'
SHLIB_DLLVERSION='$(SHLIB_MAJOR)'
SHLIB_DOT='.'
SHLIB_LIBPREF='lib'
SHLIB_LIBS=''
SHLIB_LIBSUFF='so'
SHLIB_LIBVERSION='$(SHLIB_LIBSUFF).$(SHLIB_MAJOR)$(SHLIB_MINOR)'
SHLIB_MAJOR='6'
SHLIB_MINOR='2'
SHLIB_STATUS='supported'
SHLIB_XLDFLAGS='-Wl,-rpath,$(libdir) -Wl,-soname,`basename $@ $(SHLIB_MINOR)`'
SHOBJ_CC='gcc'
SHOBJ_CFLAGS='-fPIC'
SHOBJ_LD='${CC}'
SHOBJ_LDFLAGS='-shared -Wl,-soname,$@'
SHOBJ_LIBS=''
SHOBJ_STATUS='supported'
SHOBJ_XLDFLAGS=''
STATIC_INSTALL_TARGET='install-static'
STATIC_TARGET='static'
TERMCAP_LIB='-ltermcap'
ac_ct_CC=''
bindir='${exec_prefix}/bin'
build='x86_64-pc-linux-gnu'
build_alias='x86_64-pc-linux-gnu'
build_cpu='x86_64'
build_os='linux-gnu'
build_vendor='pc'
datadir='${datarootdir}'
datarootdir='${prefix}/share'
docdir='${datarootdir}/doc/${PACKAGE_TARNAME}'
dvidir='${docdir}'
exec_prefix='${prefix}'
host='x86_64-pc-linux-gnu'
host_alias='x86_64-pc-linux-gnu'
host_cpu='x86_64'
host_os='linux-gnu'
host_vendor='pc'
htmldir='${docdir}'
includedir='${prefix}/include'
infodir='${datarootdir}/info'
libdir='${exec_prefix}/lib'
libexecdir='${exec_prefix}/libexec'
localedir='${datarootdir}/locale'
localstatedir='${prefix}/var'
mandir='${datarootdir}/man'
oldincludedir='/usr/include'
pdfdir='${docdir}'
prefix='/home/labredes/temp/gdb'
program_transform_name='s,y,y,'
psdir='${docdir}'
sbindir='${exec_prefix}/sbin'
sharedstatedir='${prefix}/com'
sysconfdir='${prefix}/etc'
target_alias='x86_64-pc-linux-gnu'

## ----------- ##
## confdefs.h. ##
## ----------- ##

/* confdefs.h */
#define PACKAGE_NAME "readline"
#define PACKAGE_TARNAME "readline"
#define PACKAGE_VERSION "6.2"
#define PACKAGE_STRING "readline 6.2"
#define PACKAGE_BUGREPORT "bug-readline@gnu.org"
#define PACKAGE_URL ""
#define STDC_HEADERS 1
#define HAVE_SYS_TYPES_H 1
#define HAVE_SYS_STAT_H 1
#define HAVE_STDLIB_H 1
#define HAVE_STRING_H 1
#define HAVE_MEMORY_H 1
#define HAVE_STRINGS_H 1
#define HAVE_INTTYPES_H 1
#define HAVE_STDINT_H 1
#define HAVE_UNISTD_H 1
#define __EXTENSIONS__ 1
#define _ALL_SOURCE 1
#define _GNU_SOURCE 1
#define _POSIX_PTHREAD_SEMANTICS 1
#define _TANDEM_SOURCE 1
#define PROTOTYPES 1
#define __PROTOTYPES 1
#define RETSIGTYPE void
#define STDC_HEADERS 1
#define HAVE_DIRENT_H 1
#define HAVE_FCNTL 1
#define HAVE_KILL 1
#define HAVE_LSTAT 1
#define HAVE_MEMMOVE 1
#define HAVE_PUTENV 1
#define HAVE_SELECT 1
#define HAVE_SETENV 1
#define HAVE_SETLOCALE 1
#define HAVE_STRCASECMP 1
#define HAVE_STRPBRK 1
#define HAVE_TCGETATTR 1
#define HAVE_VSNPRINTF 1
#define HAVE_ISASCII 1
#define HAVE_ISXDIGIT 1
#define HAVE_GETPWENT 1
#define HAVE_GETPWNAM 1
#define HAVE_GETPWUID 1
#define HAVE_STRCOLL 1
#define HAVE_FCNTL_H 1
#define HAVE_UNISTD_H 1
#define HAVE_STDLIB_H 1
#define HAVE_STDARG_H 1
#define HAVE_STRING_H 1
#define HAVE_STRINGS_H 1
#define HAVE_LIMITS_H 1
#define HAVE_LOCALE_H 1
#define HAVE_PWD_H 1
#define HAVE_MEMORY_H 1
#define HAVE_TERMCAP_H 1
#define HAVE_TERMIOS_H 1
#define HAVE_TERMIO_H 1
#define HAVE_SYS_SELECT_H 1
#define HAVE_SYS_FILE_H 1
#define HAVE_POSIX_SIGNALS 1
#define HAVE_POSIX_SIGSETJMP 1
#define HAVE_LSTAT 1
#define HAVE_GETPW_DECLS 1
#define GWINSZ_IN_SYS_IOCTL 1
#define VOID_SIGHANDLER 1
#define FIONREAD_IN_SYS_IOCTL 1
#define STRUCT_WINSIZE_IN_SYS_IOCTL 1
#define HAVE_STRUCT_DIRENT_D_INO 1
#define HAVE_STRUCT_DIRENT_D_FILENO 1
#define HAVE_WCTYPE_H 1
#define HAVE_WCHAR_H 1
#define HAVE_LANGINFO_H 1
#define HAVE_MBRLEN 1
#define HAVE_MBSNRTOWCS 1
#define HAVE_MBSRTOWCS 1
#define HAVE_WCRTOMB 1
#define HAVE_WCSCOLL 1
#define HAVE_WCSDUP 1
#define HAVE_WCWIDTH 1
#define HAVE_WCTYPE 1
#define HAVE_WCSWIDTH 1
#define HAVE_MBRTOWC 1
#define HAVE_MBSTATE_T 1
#define HAVE_ISWLOWER 1
#define HAVE_ISWUPPER 1
#define HAVE_TOWLOWER 1
#define HAVE_TOWUPPER 1
#define HAVE_ISWCTYPE 1
#define HAVE_LANGINFO_CODESET 1
#define HAVE_WCHAR_T 1
#define HAVE_WCTYPE_T 1
#define HAVE_WINT_T 1

configure: exit 0
