This file contains any messages produced by compilers while
running configure, to aid debugging if configure makes a mistake.

It was created by configure, which was
generated by GNU Autoconf 2.69.  Invocation command line was

  $ /home/labredes/Downloads/gdb-8.3/gdb/configure --srcdir=.././gdb --cache-file=./config.cache --prefix=/home/labredes/temp/gdb --program-transform-name=s,y,y, --disable-option-checking --build=x86_64-pc-linux-gnu --host=x86_64-pc-linux-gnu --target=x86_64-pc-linux-gnu

## --------- ##
## Platform. ##
## --------- ##

hostname = Labredes
uname -m = x86_64
uname -r = 4.9.0-8-amd64
uname -s = Linux
uname -v = #1 SMP Debian 4.9.130-2 (2018-10-27)

/usr/bin/uname -p = unknown
/bin/uname -X     = unknown

/bin/arch              = unknown
/usr/bin/arch -k       = unknown
/usr/convex/getsysinfo = unknown
/usr/bin/hostinfo      = unknown
/bin/machine           = unknown
/usr/bin/oslevel       = unknown
/bin/universe          = unknown

PATH: /home/labredes/anaconda2/bin
PATH: /home/labredes/anaconda2/condabin
PATH: /usr/local/bin
PATH: /usr/bin
PATH: /bin
PATH: /usr/local/games
PATH: /usr/games
PATH: /home/labredes/Documentos/linuxdistro/buildroot/output/host/bin


## ----------- ##
## Core tests. ##
## ----------- ##

configure:2778: loading cache ./config.cache
configure:2868: checking whether to enable maintainer-specific portions of Makefiles
configure:2877: result: no
configure:2902: checking for x86_64-pc-linux-gnu-gcc
configure:2929: result: gcc
configure:3198: checking for C compiler version
configure:3207: gcc --version >&5
gcc (Debian 6.3.0-18+deb9u1) 6.3.0 20170516
Copyright (C) 2016 Free Software Foundation, Inc.
This is free software; see the source for copying conditions.  There is NO
warranty; not even for MERCHANTABILITY or FITNESS FOR A PARTICULAR PURPOSE.

configure:3218: $? = 0
configure:3207: gcc -v >&5
Using built-in specs.
COLLECT_GCC=gcc
COLLECT_LTO_WRAPPER=/usr/lib/gcc/x86_64-linux-gnu/6/lto-wrapper
Target: x86_64-linux-gnu
Configured with: ../src/configure -v --with-pkgversion='Debian 6.3.0-18+deb9u1' --with-bugurl=file:///usr/share/doc/gcc-6/README.Bugs --enable-languages=c,ada,c++,java,go,d,fortran,objc,obj-c++ --prefix=/usr --program-suffix=-6 --program-prefix=x86_64-linux-gnu- --enable-shared --enable-linker-build-id --libexecdir=/usr/lib --without-included-gettext --enable-threads=posix --libdir=/usr/lib --enable-nls --with-sysroot=/ --enable-clocale=gnu --enable-libstdcxx-debug --enable-libstdcxx-time=yes --with-default-libstdcxx-abi=new --enable-gnu-unique-object --disable-vtable-verify --enable-libmpx --enable-plugin --enable-default-pie --with-system-zlib --disable-browser-plugin --enable-java-awt=gtk --enable-gtk-cairo --with-java-home=/usr/lib/jvm/java-1.5.0-gcj-6-amd64/jre --enable-java-home --with-jvm-root-dir=/usr/lib/jvm/java-1.5.0-gcj-6-amd64 --with-jvm-jar-dir=/usr/lib/jvm-exports/java-1.5.0-gcj-6-amd64 --with-arch-directory=amd64 --with-ecj-jar=/usr/share/java/eclipse-ecj.jar --with-target-system-zlib --enable-objc-gc=auto --enable-multiarch --with-arch-32=i686 --with-abi=m64 --with-multilib-list=m32,m64,mx32 --enable-multilib --with-tune=generic --enable-checking=release --build=x86_64-linux-gnu --host=x86_64-linux-gnu --target=x86_64-linux-gnu
Thread model: posix
gcc version 6.3.0 20170516 (Debian 6.3.0-18+deb9u1) 
configure:3218: $? = 0
configure:3207: gcc -V >&5
gcc: error: unrecognized command line option '-V'
gcc: fatal error: no input files
compilation terminated.
configure:3218: $? = 1
configure:3207: gcc -qversion >&5
gcc: error: unrecognized command line option '-qversion'; did you mean '--version'?
gcc: fatal error: no input files
compilation terminated.
configure:3218: $? = 1
configure:3238: checking whether the C compiler works
configure:3260: gcc -g -O2  -static-libstdc++ -static-libgcc  conftest.c  >&5
configure:3264: $? = 0
configure:3312: result: yes
configure:3315: checking for C compiler default output file name
configure:3317: result: a.out
configure:3323: checking for suffix of executables
configure:3330: gcc -o conftest -g -O2  -static-libstdc++ -static-libgcc  conftest.c  >&5
configure:3334: $? = 0
configure:3356: result: 
configure:3378: checking whether we are cross compiling
configure:3386: gcc -o conftest -g -O2  -static-libstdc++ -static-libgcc  conftest.c  >&5
configure:3390: $? = 0
configure:3397: ./conftest
configure:3401: $? = 0
configure:3416: result: no
configure:3421: checking for suffix of object files
configure:3468: result: o
configure:3472: checking whether we are using the GNU C compiler
configure:3500: result: yes
configure:3509: checking whether gcc accepts -g
configure:3570: result: yes
configure:3587: checking for gcc option to accept ISO C89
configure:3663: result: none needed
configure:3795: checking for C++ compiler version
configure:3804: g++ --version >&5
g++ (Debian 6.3.0-18+deb9u1) 6.3.0 20170516
Copyright (C) 2016 Free Software Foundation, Inc.
This is free software; see the source for copying conditions.  There is NO
warranty; not even for MERCHANTABILITY or FITNESS FOR A PARTICULAR PURPOSE.

configure:3815: $? = 0
configure:3804: g++ -v >&5
Using built-in specs.
COLLECT_GCC=g++
COLLECT_LTO_WRAPPER=/usr/lib/gcc/x86_64-linux-gnu/6/lto-wrapper
Target: x86_64-linux-gnu
Configured with: ../src/configure -v --with-pkgversion='Debian 6.3.0-18+deb9u1' --with-bugurl=file:///usr/share/doc/gcc-6/README.Bugs --enable-languages=c,ada,c++,java,go,d,fortran,objc,obj-c++ --prefix=/usr --program-suffix=-6 --program-prefix=x86_64-linux-gnu- --enable-shared --enable-linker-build-id --libexecdir=/usr/lib --without-included-gettext --enable-threads=posix --libdir=/usr/lib --enable-nls --with-sysroot=/ --enable-clocale=gnu --enable-libstdcxx-debug --enable-libstdcxx-time=yes --with-default-libstdcxx-abi=new --enable-gnu-unique-object --disable-vtable-verify --enable-libmpx --enable-plugin --enable-default-pie --with-system-zlib --disable-browser-plugin --enable-java-awt=gtk --enable-gtk-cairo --with-java-home=/usr/lib/jvm/java-1.5.0-gcj-6-amd64/jre --enable-java-home --with-jvm-root-dir=/usr/lib/jvm/java-1.5.0-gcj-6-amd64 --with-jvm-jar-dir=/usr/lib/jvm-exports/java-1.5.0-gcj-6-amd64 --with-arch-directory=amd64 --with-ecj-jar=/usr/share/java/eclipse-ecj.jar --with-target-system-zlib --enable-objc-gc=auto --enable-multiarch --with-arch-32=i686 --with-abi=m64 --with-multilib-list=m32,m64,mx32 --enable-multilib --with-tune=generic --enable-checking=release --build=x86_64-linux-gnu --host=x86_64-linux-gnu --target=x86_64-linux-gnu
Thread model: posix
gcc version 6.3.0 20170516 (Debian 6.3.0-18+deb9u1) 
configure:3815: $? = 0
configure:3804: g++ -V >&5
g++: error: unrecognized command line option '-V'
g++: fatal error: no input files
compilation terminated.
configure:3815: $? = 1
configure:3804: g++ -qversion >&5
g++: error: unrecognized command line option '-qversion'; did you mean '--version'?
g++: fatal error: no input files
compilation terminated.
configure:3815: $? = 1
configure:3819: checking whether we are using the GNU C++ compiler
configure:3847: result: yes
configure:3856: checking whether g++ accepts -g
configure:3917: result: yes
configure:3947: checking how to run the C preprocessor
configure:4017: result: gcc -E
configure:4037: gcc -E  conftest.c
configure:4037: $? = 0
configure:4051: gcc -E  conftest.c
conftest.c:9:28: fatal error: ac_nonexistent.h: No such file or directory
 #include <ac_nonexistent.h>
                            ^
compilation terminated.
configure:4051: $? = 1
configure: failed program was:
| /* confdefs.h */
| #define PACKAGE_NAME ""
| #define PACKAGE_TARNAME ""
| #define PACKAGE_VERSION ""
| #define PACKAGE_STRING ""
| #define PACKAGE_BUGREPORT ""
| #define PACKAGE_URL ""
| /* end confdefs.h.  */
| #include <ac_nonexistent.h>
configure:4080: checking for grep that handles long lines and -e
configure:4138: result: /bin/grep
configure:4143: checking for egrep
configure:4205: result: /bin/grep -E
configure:4210: checking for ANSI C header files
configure:4314: result: yes
configure:4327: checking for sys/types.h
configure:4327: result: yes
configure:4327: checking for sys/stat.h
configure:4327: result: yes
configure:4327: checking for stdlib.h
configure:4327: result: yes
configure:4327: checking for string.h
configure:4327: result: yes
configure:4327: checking for memory.h
configure:4327: result: yes
configure:4327: checking for strings.h
configure:4327: result: yes
configure:4327: checking for inttypes.h
configure:4327: result: yes
configure:4327: checking for stdint.h
configure:4327: result: yes
configure:4327: checking for unistd.h
configure:4327: result: yes
configure:4340: checking for minix/config.h
configure:4340: result: no
configure:4361: checking whether it is safe to define __EXTENSIONS__
configure:4386: result: yes
configure:4433: checking build system type
configure:4447: result: x86_64-pc-linux-gnu
configure:4467: checking host system type
configure:4480: result: x86_64-pc-linux-gnu
configure:4500: checking target system type
configure:4513: result: x86_64-pc-linux-gnu
configure:4552: checking for dlfcn.h
configure:4552: result: yes
configure:4565: checking for windows.h
configure:4565: result: no
configure:4592: checking for library containing dlsym
configure:4640: result: -ldl
configure:4671: checking for special C compiler options needed for large files
configure:4716: result: no
configure:4722: checking for _FILE_OFFSET_BITS value needed for large files
configure:4779: result: no
configure:4868: checking for gcc option to accept ANSI C
configure:4936: result: none needed
configure:5112: checking whether g++ supports C++11 features by default
configure:5413: result: yes
configure:6103: checking dependency style of gcc
configure:6188: result: gcc3
configure:6273: === configuring in build-gnulib (/home/labredes/Downloads/gdb-8.3/gdb/build-gnulib)
configure:6300: running /bin/bash .././gnulib/configure --disable-option-checking '--prefix=/home/labredes/temp/gdb'  '--program-transform-name=s,y,y,' '--build=x86_64-pc-linux-gnu' '--host=x86_64-pc-linux-gnu' '--target=x86_64-pc-linux-gnu' 'build_alias=x86_64-pc-linux-gnu' 'host_alias=x86_64-pc-linux-gnu' 'target_alias=x86_64-pc-linux-gnu' 'CC=gcc' 'CFLAGS=-g -O2' 'LDFLAGS=-static-libstdc++ -static-libgcc ' 'CXX=g++' 'CXXFLAGS=-g -O2' 'MAKEINFO=makeinfo --split-size=5000000' 'YACC=bison -y' --cache-file=./config.cache --srcdir=.././gnulib
configure:6334: checking whether NLS is requested
configure:6340: result: yes
configure:6346: checking for catalogs to be installed
configure:6378: result: 
configure:6425: checking whether makeinfo --split-size=5000000 supports @click
configure:6437: result: yes
configure:6577: checking for default auto-load directory
configure:6599: result: $debugdir:$datadir/auto-load
configure:6602: checking for default auto-load safe-path
configure:6626: result: $debugdir:$datadir/auto-load
configure:6897: checking for libunwind-ia64.h
configure:6897: result: no
configure:6965: checking for monstartup
configure:6965: result: yes
configure:6965: checking for _mcleanup
configure:6965: result: yes
configure:6974: checking for _etext
configure:7000: result: yes
configure:7007: checking for etext
configure:7033: result: yes
configure:7153: checking for gawk
configure:7180: result: gawk
configure:7205: checking for a BSD-compatible install
configure:7273: result: /usr/bin/install -c
configure:7284: checking whether ln -s works
configure:7288: result: yes
configure:7298: checking for x86_64-pc-linux-gnu-ranlib
configure:7325: result: ranlib
configure:7391: checking for bison
configure:7418: result: bison -y
configure:7434: checking for x86_64-pc-linux-gnu-ar
configure:7461: result: ar
configure:7526: checking for x86_64-pc-linux-gnu-dlltool
configure:7553: result: dlltool
configure:7618: checking for x86_64-pc-linux-gnu-windres
configure:7645: result: windres
configure:7814: checking for main in -lm
configure:7842: result: yes
configure:7855: checking for library containing gethostbyname
configure:7903: result: none required
configure:7913: checking for library containing socketpair
configure:7961: result: none required
configure:7991: checking for library containing kinfo_getvmmap
configure:8039: result: no
configure:8051: checking for library containing kinfo_getfile
configure:8099: result: no
configure:8150: checking for ld used by GCC
configure:8213: result: ld
configure:8220: checking if the linker (ld) is GNU ld
configure:8232: result: yes
configure:8238: checking for shared library run path origin
configure:8251: result: done
configure:8656: checking for iconv
configure:8754: result: yes
configure:8797: checking for iconv declaration
configure:8837: result: 
         extern size_t iconv (iconv_t cd, char * *inbuf, size_t *inbytesleft, char * *outbuf, size_t *outbytesleft);
configure:8913: checking for library containing waddstr
configure:8961: result: -lncurses
configure:9011: checking for library containing tgetent
configure:9059: result: none required
configure:9104: checking size of unsigned long long
configure:9123: result: 8
configure:9137: checking size of unsigned long
configure:9156: result: 8
configure:9170: checking size of unsigned __int128
configure:9189: result: 16
configure:9214: checking for library containing dlopen
configure:9262: result: none required
configure:9326: checking whether to use expat
configure:9328: result: auto
configure:9746: checking for libexpat
configure:9775: result: yes
configure:9782: checking how to link with libexpat
configure:9784: result: -lexpat
configure:9810: checking for XML_StopParser
configure:9810: result: yes
configure:9831: checking whether to use MPFR
configure:9833: result: auto
configure:10251: checking for libmpfr
configure:10281: result: no
configure:10308: WARNING: MPFR is missing or unusable; some features may be unavailable.
configure:10330: checking whether to use python
configure:10332: result: auto
configure:10381: checking for python
configure:10412: result: /home/labredes/anaconda2/bin/python
configure:10550: checking for python2.7
configure:10568: gcc -o conftest -g -O2  -I/home/labredes/anaconda2/include/python2.7 -I/home/labredes/anaconda2/include/python2.7 -static-libstdc++ -static-libgcc  conftest.c -lpython2.7 -lpthread -ldl -lutil -lm -Xlinker -export-dynamic -lncurses -lm -ldl  >&5
configure:10568: $? = 0
configure:10578: result: yes
configure:10829: checking compiler flags for python code
configure:10846: gcc -c -g -O2 -fno-strict-aliasing  conftest.c >&5
configure:10846: $? = 0
configure:10846: gcc -c -g -O2 -fwrapv  conftest.c >&5
configure:10846: $? = 0
configure:10846: gcc -c -g -O2 -DNDEBUG  conftest.c >&5
configure:10846: $? = 0
configure:10852: result:  -fno-strict-aliasing -fwrapv -DNDEBUG
configure:10875: checking whether python supports threads
configure:10890: gcc -E -I/home/labredes/anaconda2/include/python2.7 -I/home/labredes/anaconda2/include/python2.7 conftest.c
conftest.c:60:3: error: #error 
 # error
   ^~~~~
configure:10890: $? = 1
configure: failed program was:
| /* confdefs.h */
| #define PACKAGE_NAME ""
| #define PACKAGE_TARNAME ""
| #define PACKAGE_VERSION ""
| #define PACKAGE_STRING ""
| #define PACKAGE_BUGREPORT ""
| #define PACKAGE_URL ""
| #define STDC_HEADERS 1
| #define HAVE_SYS_TYPES_H 1
| #define HAVE_SYS_STAT_H 1
| #define HAVE_STDLIB_H 1
| #define HAVE_STRING_H 1
| #define HAVE_MEMORY_H 1
| #define HAVE_STRINGS_H 1
| #define HAVE_INTTYPES_H 1
| #define HAVE_STDINT_H 1
| #define HAVE_UNISTD_H 1
| #define __EXTENSIONS__ 1
| #define _ALL_SOURCE 1
| #define _GNU_SOURCE 1
| #define _POSIX_PTHREAD_SEMANTICS 1
| #define _TANDEM_SOURCE 1
| #define HAVE_DLFCN_H 1
| #define HAVE_CXX11 1
| #define ENABLE_NLS 1
| #define PACKAGE "gdb"
| #define DEBUGDIR "/home/labredes/temp/gdb/lib/debug"
| #define DEBUGDIR_RELOCATABLE 1
| #define BINDIR "/home/labredes/temp/gdb/bin"
| #define GDB_DATADIR "/home/labredes/temp/gdb/share/gdb"
| #define GDB_DATADIR_RELOCATABLE 1
| #define AUTO_LOAD_DIR "$debugdir:$datadir/auto-load"
| #define AUTO_LOAD_SAFE_PATH "$debugdir:$datadir/auto-load"
| #define DEFAULT_BFD_ARCH bfd_i386_arch
| #define DEFAULT_BFD_VEC x86_64_elf64_vec
| #define HAVE_MONSTARTUP 1
| #define HAVE__MCLEANUP 1
| #define HAVE__ETEXT 1
| #define HAVE_ETEXT 1
| #define PKGVERSION "(GDB) "
| #define REPORT_BUGS_TO "<http://www.gnu.org/software/gdb/bugs/>"
| #define HAVE_LIBM 1
| #define HAVE_ICONV 1
| #define ICONV_CONST 
| #define SIZEOF_UNSIGNED_LONG_LONG 8
| #define SIZEOF_UNSIGNED_LONG 8
| #define SIZEOF_UNSIGNED___INT128 16
| #define JIT_READER_DIR "/home/labredes/temp/gdb/lib/gdb"
| #define JIT_READER_DIR_RELOCATABLE 1
| #define HAVE_LIBEXPAT 1
| #define HAVE_XML_STOPPARSER 1
| #define HAVE_LIBPYTHON2_7 1
| #define WITH_PYTHON_PATH "/home/labredes/anaconda2"
| #define PYTHON_PATH_RELOCATABLE 0
| #define HAVE_PYTHON 1
| /* end confdefs.h.  */
| 
| #include <Python.h>
| #ifdef WITH_THREAD
| # error
| #endif
| 
configure:10896: result: yes
configure:10941: checking whether to use guile
configure:10943: result: auto
configure:10948: checking for pkg-config
configure:10979: result: /home/labredes/Documentos/linuxdistro/buildroot/output/host/bin/pkg-config
configure:11006: checking for usable guile from /home/labredes/Documentos/linuxdistro/buildroot/output/host/bin/pkg-config
configure:11075: result: no
configure:11497: checking for the source-highlight library
configure:11515: result: no
configure:11613: checking whether to use intel pt
configure:11615: result: auto
configure:11632: gcc -E  conftest.c
configure:11632: $? = 0
configure:12057: checking for libipt
configure:12086: result: no
configure:12113: WARNING: libipt is missing or unusable; some features may be unavailable.
configure:12159: checking for ANSI C header files
configure:12263: result: yes
configure:12281: checking for nlist.h
configure:12281: result: no
configure:12281: checking for machine/reg.h
configure:12281: result: no
configure:12281: checking for poll.h
configure:12281: result: yes
configure:12281: checking for sys/poll.h
configure:12281: result: yes
configure:12281: checking for proc_service.h
configure:12281: result: no
configure:12281: checking for thread_db.h
configure:12281: result: yes
configure:12281: checking for linux/elf.h
configure:12281: result: yes
configure:12281: checking for sys/file.h
configure:12281: result: yes
configure:12281: checking for sys/filio.h
configure:12281: result: no
configure:12281: checking for sys/ioctl.h
configure:12281: result: yes
configure:12281: checking for sys/param.h
configure:12281: result: yes
configure:12281: checking for sys/resource.h
configure:12281: result: yes
configure:12281: checking for sys/procfs.h
configure:12281: result: yes
configure:12281: checking for sys/ptrace.h
configure:12281: result: yes
configure:12281: checking for ptrace.h
configure:12281: result: no
configure:12281: checking for sys/reg.h
configure:12281: result: yes
configure:12281: checking for sys/debugreg.h
configure:12281: result: yes
configure:12281: checking for sys/select.h
configure:12281: result: yes
configure:12281: checking for termios.h
configure:12281: result: yes
configure:12281: checking for elf_hp.h
configure:12281: result: no
configure:12281: checking for dlfcn.h
configure:12281: result: yes
configure:12293: checking for sys/user.h
configure:12293: result: yes
configure:12311: checking for curses.h
configure:12311: result: yes
configure:12311: checking for cursesX.h
configure:12311: result: no
configure:12311: checking for ncurses.h
configure:12311: result: yes
configure:12311: checking for ncursesw/ncurses.h
configure:12311: result: no
configure:12311: checking for ncurses/ncurses.h
configure:12311: result: no
configure:12311: checking for ncurses/term.h
configure:12311: result: no
configure:12323: checking for term.h
configure:12323: result: yes
configure:12344: checking for long long
configure:12344: result: yes
configure:12355: checking size of long long
configure:12374: result: 8
configure:12388: checking whether basename is declared
configure:12388: result: yes
configure:12398: checking whether ffs is declared
configure:12398: result: yes
configure:12408: checking whether asprintf is declared
configure:12408: result: yes
configure:12418: checking whether vasprintf is declared
configure:12418: result: yes
configure:12428: checking whether snprintf is declared
configure:12428: result: yes
configure:12438: checking whether vsnprintf is declared
configure:12438: result: yes
configure:12449: checking whether strtol is declared
configure:12449: result: yes
configure:12459: checking whether strtoul is declared
configure:12459: result: yes
configure:12469: checking whether strtoll is declared
configure:12469: result: yes
configure:12479: checking whether strtoull is declared
configure:12479: result: yes
configure:12490: checking whether strverscmp is declared
configure:12490: result: yes
configure:12503: checking whether snprintf is declared
configure:12503: result: yes
configure:12515: checking for LC_MESSAGES
configure:12539: result: yes
configure:12552: checking for struct stat.st_blocks
configure:12552: result: yes
configure:12561: checking for struct stat.st_blksize
configure:12561: result: yes
configure:12576: checking for socklen_t
configure:12576: result: yes
configure:12594: checking for an ANSI C-conforming const
configure:12667: result: yes
configure:12675: checking for inline
configure:12699: result: inline
configure:12717: checking whether byte ordering is bigendian
configure:12923: result: no
configure:12952: checking for stdlib.h
configure:12952: result: yes
configure:12952: checking for unistd.h
configure:12952: result: yes
configure:12952: checking for sys/param.h
configure:12952: result: yes
configure:12972: checking for getpagesize
configure:12972: result: yes
configure:12981: checking for working mmap
configure:13138: result: yes
configure:13147: checking for pid_t
configure:13147: result: yes
configure:13160: checking for vfork.h
configure:13160: result: no
configure:13173: checking for fork
configure:13173: result: yes
configure:13173: checking for vfork
configure:13173: result: yes
configure:13183: checking for working fork
configure:13215: result: yes
configure:13236: checking for working vfork
configure:13346: result: yes
configure:13380: checking for getauxval
configure:13380: result: yes
configure:13380: checking for getrusage
configure:13380: result: yes
configure:13380: checking for getuid
configure:13380: result: yes
configure:13380: checking for getgid
configure:13380: result: yes
configure:13380: checking for pipe
configure:13380: result: yes
configure:13380: checking for poll
configure:13380: result: yes
configure:13380: checking for pread
configure:13380: result: yes
configure:13380: checking for pread64
configure:13380: result: yes
configure:13380: checking for pwrite
configure:13380: result: yes
configure:13380: checking for resize_term
configure:13380: result: yes
configure:13380: checking for sbrk
configure:13380: result: yes
configure:13380: checking for getpgid
configure:13380: result: yes
configure:13380: checking for setpgid
configure:13380: result: yes
configure:13380: checking for setpgrp
configure:13380: result: yes
configure:13380: checking for setsid
configure:13380: result: yes
configure:13380: checking for sigaction
configure:13380: result: yes
configure:13380: checking for sigprocmask
configure:13380: result: yes
configure:13380: checking for sigsetmask
configure:13380: result: yes
configure:13380: checking for socketpair
configure:13380: result: yes
configure:13380: checking for ttrace
configure:13380: result: no
configure:13380: checking for wborder
configure:13380: result: yes
configure:13380: checking for wresize
configure:13380: result: yes
configure:13380: checking for setlocale
configure:13380: result: yes
configure:13380: checking for iconvlist
configure:13380: result: no
configure:13380: checking for libiconvlist
configure:13380: result: no
configure:13380: checking for btowc
configure:13380: result: yes
configure:13380: checking for setrlimit
configure:13380: result: yes
configure:13380: checking for getrlimit
configure:13380: result: yes
configure:13380: checking for posix_madvise
configure:13380: result: yes
configure:13380: checking for waitpid
configure:13380: result: yes
configure:13380: checking for ptrace64
configure:13380: result: no
configure:13380: checking for sigaltstack
configure:13380: result: yes
configure:13380: checking for setns
configure:13380: result: yes
configure:13380: checking for use_default_colors
configure:13380: result: yes
configure:13390: checking for nl_langinfo and CODESET
configure:13415: result: yes
configure:13423: checking for size_t
configure:13423: result: yes
configure:13435: checking for ANSI C header files
configure:13539: result: yes
configure:13549: checking for working alloca.h
configure:13574: result: yes
configure:13582: checking for alloca
configure:13627: result: yes
configure:13735: checking for nl_langinfo and CODESET
configure:13760: result: yes
configure:13772: checking for linux/perf_event.h
configure:13772: result: yes
configure:13772: checking for locale.h
configure:13772: result: yes
configure:13772: checking for memory.h
configure:13772: result: yes
configure:13772: checking for signal.h
configure:13772: result: yes
configure:13772: checking for sys/resource.h
configure:13772: result: yes
configure:13772: checking for sys/socket.h
configure:13772: result: yes
configure:13772: checking for sys/un.h
configure:13772: result: yes
configure:13772: checking for sys/wait.h
configure:13772: result: yes
configure:13772: checking for thread_db.h
configure:13772: result: yes
configure:13772: checking for wait.h
configure:13772: result: yes
configure:13772: checking for termios.h
configure:13772: result: yes
configure:13786: checking for fdwalk
configure:13786: result: no
configure:13786: checking for getrlimit
configure:13786: result: yes
configure:13786: checking for pipe
configure:13786: result: yes
configure:13786: checking for pipe2
configure:13786: result: yes
configure:13786: checking for socketpair
configure:13786: result: yes
configure:13786: checking for sigaction
configure:13786: result: yes
configure:13796: checking whether strerror is declared
configure:13796: result: yes
configure:13806: checking whether strstr is declared
configure:13806: result: yes
configure:13818: checking for sigsetjmp
configure:13843: result: yes
configure:13858: checking for sys/ptrace.h
configure:13858: result: yes
configure:13858: checking for ptrace.h
configure:13858: result: no
configure:13879: checking whether ptrace is declared
configure:13879: result: yes
configure:13901: checking return type of ptrace
configure:13940: result: long
configure:13948: checking types of arguments for ptrace
configure:14024: result: enum __ptrace_request,int,long,long
configure:14055: checking whether setpgrp takes no argument
configure:14087: result: yes
configure:14139: checking for GNU regex
configure:14165: result: yes
configure:14186: checking for struct thread.td_pcb
configure:14186: result: no
configure:14201: checking for struct lwp
configure:14226: result: no
configure:14235: checking for struct reg in machine/reg.h
configure:14259: result: no
configure:14269: checking for struct reg.r_fs
configure:14269: result: no
configure:14280: checking for struct reg.r_gs
configure:14280: result: no
configure:14296: checking for struct user_regs_struct.fs_base
configure:14296: result: yes
configure:14307: checking for struct user_regs_struct.gs_base
configure:14307: result: yes
configure:14321: checking for PTRACE_GETREGS
configure:14345: result: yes
configure:14354: checking for PTRACE_GETFPXREGS
configure:14378: result: yes
configure:14387: checking for PT_GETDBREGS
configure:14412: result: no
configure:14421: checking for PT_GETXMMREGS
configure:14446: result: no
configure:14457: checking for struct ptrace_lwpinfo.pl_tdname
configure:14457: result: no
configure:14472: checking for struct ptrace_lwpinfo.pl_syscall_code
configure:14472: result: no
configure:14485: checking for gregset_t in sys/procfs.h
configure:14519: result: no
configure:14522: checking for fpregset_t in sys/procfs.h
configure:14556: result: no
configure:14559: checking for prgregset_t in sys/procfs.h
configure:14593: result: yes
configure:14596: checking for prfpregset_t in sys/procfs.h
configure:14630: result: yes
configure:14633: checking for prgregset32_t in sys/procfs.h
configure:14667: result: no
configure:14670: checking for lwpid_t in sys/procfs.h
configure:14704: result: yes
configure:14707: checking for psaddr_t in sys/procfs.h
configure:14741: result: yes
configure:14744: checking for elf_fpregset_t in sys/procfs.h
configure:14778: result: yes
configure:14785: checking for long long support in compiler
configure:14808: result: yes
configure:14817: checking for long long support in printf
configure:14853: result: yes
configure:14863: checking for decfloat support in printf
configure:14897: result: no
configure:14910: checking for long double support in compiler
configure:14926: result: yes
configure:14936: checking for long double support in printf
configure:14968: result: yes
configure:14978: checking for long double support in scanf
configure:15010: result: yes
configure:15061: checking for the dynamic export flag
configure:15124: gcc -o conftest -g -O2  -fno-strict-aliasing -fwrapv -DNDEBUG  -I/home/labredes/anaconda2/include/python2.7 -I/home/labredes/anaconda2/include/python2.7 -static-libstdc++ -static-libgcc  -Wl,--dynamic-list=./proc-service.list conftest.c -lncurses -lm -ldl  -lpython2.7 -lpthread -ldl -lutil -lm  >&5
configure:15124: $? = 0
configure:15124: ./conftest
configure:15124: $? = 0
configure:15145: result: -Wl,--dynamic-list
configure:15207: checking whether <thread_db.h> has TD_NOTALLOC
configure:15232: result: yes
configure:15234: checking whether <thread_db.h> has TD_VERSION
configure:15259: result: yes
configure:15261: checking whether <thread_db.h> has TD_NOTLS
configure:15286: result: yes
configure:15305: checking whether ADDR_NO_RANDOMIZE is declared
configure:15305: result: yes
configure:15363: gcc -o conftest -g -O2  -static-libstdc++ -static-libgcc  conftest.c -lncurses -lm -ldl  >&5
configure:15363: $? = 0
configure:15363: ./conftest
configure:15363: $? = 0
configure:15585: checking compiler warning flags
configure:15647: g++ -c -g -O2 -Werror -Wall  conftest.cpp >&5
configure:15647: $? = 0
configure:15647: g++ -c -g -O2 -Werror -Wpointer-arith  conftest.cpp >&5
configure:15647: $? = 0
configure:15647: g++ -c -g -O2 -Werror -Wunused  conftest.cpp >&5
configure:15647: $? = 0
configure:15647: g++ -c -g -O2 -Werror -Wunused-value  conftest.cpp >&5
configure:15647: $? = 0
configure:15631: g++ -c -g -O2 -Werror -Wunused-variable  conftest.cpp >&5
configure:15631: $? = 0
configure:15647: g++ -c -g -O2 -Werror -Wunused-function  conftest.cpp >&5
configure:15647: $? = 0
configure:15647: g++ -c -g -O2 -Werror -Wswitch  conftest.cpp >&5
configure:15647: $? = 0
configure:15647: g++ -c -g -O2 -Werror -Wchar-subscripts  conftest.cpp >&5
configure:15647: $? = 0
configure:15647: g++ -c -g -O2 -Werror -Wempty-body  conftest.cpp >&5
configure:15647: $? = 0
configure:15647: g++ -c -g -O2 -Werror -Wunused-but-set-parameter  conftest.cpp >&5
configure:15647: $? = 0
configure:15647: g++ -c -g -O2 -Werror -Wunused-but-set-variable  conftest.cpp >&5
configure:15647: $? = 0
configure:15647: g++ -c -g -O2 -Werror -Wsign-compare  conftest.cpp >&5
configure:15647: $? = 0
configure:15647: g++ -c -g -O2 -Werror -Werror=maybe-uninitialized  conftest.cpp >&5
configure:15647: $? = 0
configure:15647: g++ -c -g -O2 -Werror -Wmismatched-tags  conftest.cpp >&5
g++: error: unrecognized command line option '-Wmismatched-tags'
configure:15647: $? = 1
configure: failed program was:
| /* confdefs.h */
| #define PACKAGE_NAME ""
| #define PACKAGE_TARNAME ""
| #define PACKAGE_VERSION ""
| #define PACKAGE_STRING ""
| #define PACKAGE_BUGREPORT ""
| #define PACKAGE_URL ""
| #define STDC_HEADERS 1
| #define HAVE_SYS_TYPES_H 1
| #define HAVE_SYS_STAT_H 1
| #define HAVE_STDLIB_H 1
| #define HAVE_STRING_H 1
| #define HAVE_MEMORY_H 1
| #define HAVE_STRINGS_H 1
| #define HAVE_INTTYPES_H 1
| #define HAVE_STDINT_H 1
| #define HAVE_UNISTD_H 1
| #define __EXTENSIONS__ 1
| #define _ALL_SOURCE 1
| #define _GNU_SOURCE 1
| #define _POSIX_PTHREAD_SEMANTICS 1
| #define _TANDEM_SOURCE 1
| #define HAVE_DLFCN_H 1
| #define HAVE_CXX11 1
| #define ENABLE_NLS 1
| #define PACKAGE "gdb"
| #define DEBUGDIR "/home/labredes/temp/gdb/lib/debug"
| #define DEBUGDIR_RELOCATABLE 1
| #define BINDIR "/home/labredes/temp/gdb/bin"
| #define GDB_DATADIR "/home/labredes/temp/gdb/share/gdb"
| #define GDB_DATADIR_RELOCATABLE 1
| #define AUTO_LOAD_DIR "$debugdir:$datadir/auto-load"
| #define AUTO_LOAD_SAFE_PATH "$debugdir:$datadir/auto-load"
| #define DEFAULT_BFD_ARCH bfd_i386_arch
| #define DEFAULT_BFD_VEC x86_64_elf64_vec
| #define HAVE_MONSTARTUP 1
| #define HAVE__MCLEANUP 1
| #define HAVE__ETEXT 1
| #define HAVE_ETEXT 1
| #define PKGVERSION "(GDB) "
| #define REPORT_BUGS_TO "<http://www.gnu.org/software/gdb/bugs/>"
| #define HAVE_LIBM 1
| #define HAVE_ICONV 1
| #define ICONV_CONST 
| #define SIZEOF_UNSIGNED_LONG_LONG 8
| #define SIZEOF_UNSIGNED_LONG 8
| #define SIZEOF_UNSIGNED___INT128 16
| #define JIT_READER_DIR "/home/labredes/temp/gdb/lib/gdb"
| #define JIT_READER_DIR_RELOCATABLE 1
| #define HAVE_LIBEXPAT 1
| #define HAVE_XML_STOPPARSER 1
| #define HAVE_LIBPYTHON2_7 1
| #define WITH_PYTHON_PATH "/home/labredes/anaconda2"
| #define PYTHON_PATH_RELOCATABLE 0
| #define HAVE_PYTHON 1
| #define STDC_HEADERS 1
| #define HAVE_POLL_H 1
| #define HAVE_SYS_POLL_H 1
| #define HAVE_THREAD_DB_H 1
| #define HAVE_LINUX_ELF_H 1
| #define HAVE_SYS_FILE_H 1
| #define HAVE_SYS_IOCTL_H 1
| #define HAVE_SYS_PARAM_H 1
| #define HAVE_SYS_RESOURCE_H 1
| #define HAVE_SYS_PROCFS_H 1
| #define HAVE_SYS_PTRACE_H 1
| #define HAVE_SYS_REG_H 1
| #define HAVE_SYS_DEBUGREG_H 1
| #define HAVE_SYS_SELECT_H 1
| #define HAVE_TERMIOS_H 1
| #define HAVE_DLFCN_H 1
| #define HAVE_SYS_USER_H 1
| #define HAVE_CURSES_H 1
| #define HAVE_NCURSES_H 1
| #define HAVE_TERM_H 1
| #define HAVE_LONG_LONG 1
| #define SIZEOF_LONG_LONG 8
| #define HAVE_DECL_BASENAME 1
| #define HAVE_DECL_FFS 1
| #define HAVE_DECL_ASPRINTF 1
| #define HAVE_DECL_VASPRINTF 1
| #define HAVE_DECL_SNPRINTF 1
| #define HAVE_DECL_VSNPRINTF 1
| #define HAVE_DECL_STRTOL 1
| #define HAVE_DECL_STRTOUL 1
| #define HAVE_DECL_STRTOLL 1
| #define HAVE_DECL_STRTOULL 1
| #define HAVE_DECL_STRVERSCMP 1
| #define HAVE_DECL_SNPRINTF 1
| #define HAVE_LC_MESSAGES 1
| #define HAVE_STRUCT_STAT_ST_BLOCKS 1
| #define HAVE_STRUCT_STAT_ST_BLKSIZE 1
| #define HAVE_SOCKLEN_T 1
| #define HAVE_STDLIB_H 1
| #define HAVE_UNISTD_H 1
| #define HAVE_SYS_PARAM_H 1
| #define HAVE_GETPAGESIZE 1
| #define HAVE_MMAP 1
| #define HAVE_FORK 1
| #define HAVE_VFORK 1
| #define HAVE_WORKING_VFORK 1
| #define HAVE_WORKING_FORK 1
| #define HAVE_GETAUXVAL 1
| #define HAVE_GETRUSAGE 1
| #define HAVE_GETUID 1
| #define HAVE_GETGID 1
| #define HAVE_PIPE 1
| #define HAVE_POLL 1
| #define HAVE_PREAD 1
| #define HAVE_PREAD64 1
| #define HAVE_PWRITE 1
| #define HAVE_RESIZE_TERM 1
| #define HAVE_SBRK 1
| #define HAVE_GETPGID 1
| #define HAVE_SETPGID 1
| #define HAVE_SETPGRP 1
| #define HAVE_SETSID 1
| #define HAVE_SIGACTION 1
| #define HAVE_SIGPROCMASK 1
| #define HAVE_SIGSETMASK 1
| #define HAVE_SOCKETPAIR 1
| #define HAVE_WBORDER 1
| #define HAVE_WRESIZE 1
| #define HAVE_SETLOCALE 1
| #define HAVE_BTOWC 1
| #define HAVE_SETRLIMIT 1
| #define HAVE_GETRLIMIT 1
| #define HAVE_POSIX_MADVISE 1
| #define HAVE_WAITPID 1
| #define HAVE_SIGALTSTACK 1
| #define HAVE_SETNS 1
| #define HAVE_USE_DEFAULT_COLORS 1
| #define HAVE_LANGINFO_CODESET 1
| #define STDC_HEADERS 1
| #define HAVE_ALLOCA_H 1
| #define HAVE_ALLOCA 1
| #define HAVE_LANGINFO_CODESET 1
| #define HAVE_LINUX_PERF_EVENT_H 1
| #define HAVE_LOCALE_H 1
| #define HAVE_MEMORY_H 1
| #define HAVE_SIGNAL_H 1
| #define HAVE_SYS_RESOURCE_H 1
| #define HAVE_SYS_SOCKET_H 1
| #define HAVE_SYS_UN_H 1
| #define HAVE_SYS_WAIT_H 1
| #define HAVE_THREAD_DB_H 1
| #define HAVE_WAIT_H 1
| #define HAVE_TERMIOS_H 1
| #define HAVE_GETRLIMIT 1
| #define HAVE_PIPE 1
| #define HAVE_PIPE2 1
| #define HAVE_SOCKETPAIR 1
| #define HAVE_SIGACTION 1
| #define HAVE_DECL_STRERROR 1
| #define HAVE_DECL_STRSTR 1
| #define HAVE_SIGSETJMP 1
| #define HAVE_SYS_PTRACE_H 1
| #define HAVE_DECL_PTRACE 1
| #define PTRACE_TYPE_RET long
| #define PTRACE_TYPE_ARG1 enum __ptrace_request
| #define PTRACE_TYPE_ARG3 long
| #define PTRACE_TYPE_ARG4 long
| #define SETPGRP_VOID 1
| #define HAVE_STRUCT_USER_REGS_STRUCT_FS_BASE 1
| #define HAVE_STRUCT_USER_REGS_STRUCT_GS_BASE 1
| #define HAVE_PTRACE_GETREGS 1
| #define HAVE_PTRACE_GETFPXREGS 1
| #define HAVE_PRGREGSET_T 1
| #define HAVE_PRFPREGSET_T 1
| #define HAVE_LWPID_T 1
| #define HAVE_PSADDR_T 1
| #define HAVE_ELF_FPREGSET_T 1
| #define PRINTF_HAS_LONG_LONG 1
| #define HAVE_LONG_DOUBLE 1
| #define PRINTF_HAS_LONG_DOUBLE 1
| #define SCANF_HAS_LONG_DOUBLE 1
| #define THREAD_DB_HAS_TD_NOTALLOC 1
| #define THREAD_DB_HAS_TD_VERSION 1
| #define THREAD_DB_HAS_TD_NOTLS 1
| #define HAVE_DECL_ADDR_NO_RANDOMIZE 1
| #define HAVE_PERSONALITY 1
| #define GDBINIT ".gdbinit"
| #define TARGET_SYSTEM_ROOT ""
| #define TARGET_SYSTEM_ROOT_RELOCATABLE 0
| #define SYSTEM_GDBINIT ""
| #define SYSTEM_GDBINIT_RELOCATABLE 0
| /* end confdefs.h.  */
| 
| int
| main ()
| {
| 
|   ;
|   return 0;
| }
configure:15647: g++ -c -g -O2 -Werror -Werror=deprecated-register  conftest.cpp >&5
cc1plus: error: -Werror=deprecated-register: no option -Wdeprecated-register
configure:15647: $? = 1
configure: failed program was:
| /* confdefs.h */
| #define PACKAGE_NAME ""
| #define PACKAGE_TARNAME ""
| #define PACKAGE_VERSION ""
| #define PACKAGE_STRING ""
| #define PACKAGE_BUGREPORT ""
| #define PACKAGE_URL ""
| #define STDC_HEADERS 1
| #define HAVE_SYS_TYPES_H 1
| #define HAVE_SYS_STAT_H 1
| #define HAVE_STDLIB_H 1
| #define HAVE_STRING_H 1
| #define HAVE_MEMORY_H 1
| #define HAVE_STRINGS_H 1
| #define HAVE_INTTYPES_H 1
| #define HAVE_STDINT_H 1
| #define HAVE_UNISTD_H 1
| #define __EXTENSIONS__ 1
| #define _ALL_SOURCE 1
| #define _GNU_SOURCE 1
| #define _POSIX_PTHREAD_SEMANTICS 1
| #define _TANDEM_SOURCE 1
| #define HAVE_DLFCN_H 1
| #define HAVE_CXX11 1
| #define ENABLE_NLS 1
| #define PACKAGE "gdb"
| #define DEBUGDIR "/home/labredes/temp/gdb/lib/debug"
| #define DEBUGDIR_RELOCATABLE 1
| #define BINDIR "/home/labredes/temp/gdb/bin"
| #define GDB_DATADIR "/home/labredes/temp/gdb/share/gdb"
| #define GDB_DATADIR_RELOCATABLE 1
| #define AUTO_LOAD_DIR "$debugdir:$datadir/auto-load"
| #define AUTO_LOAD_SAFE_PATH "$debugdir:$datadir/auto-load"
| #define DEFAULT_BFD_ARCH bfd_i386_arch
| #define DEFAULT_BFD_VEC x86_64_elf64_vec
| #define HAVE_MONSTARTUP 1
| #define HAVE__MCLEANUP 1
| #define HAVE__ETEXT 1
| #define HAVE_ETEXT 1
| #define PKGVERSION "(GDB) "
| #define REPORT_BUGS_TO "<http://www.gnu.org/software/gdb/bugs/>"
| #define HAVE_LIBM 1
| #define HAVE_ICONV 1
| #define ICONV_CONST 
| #define SIZEOF_UNSIGNED_LONG_LONG 8
| #define SIZEOF_UNSIGNED_LONG 8
| #define SIZEOF_UNSIGNED___INT128 16
| #define JIT_READER_DIR "/home/labredes/temp/gdb/lib/gdb"
| #define JIT_READER_DIR_RELOCATABLE 1
| #define HAVE_LIBEXPAT 1
| #define HAVE_XML_STOPPARSER 1
| #define HAVE_LIBPYTHON2_7 1
| #define WITH_PYTHON_PATH "/home/labredes/anaconda2"
| #define PYTHON_PATH_RELOCATABLE 0
| #define HAVE_PYTHON 1
| #define STDC_HEADERS 1
| #define HAVE_POLL_H 1
| #define HAVE_SYS_POLL_H 1
| #define HAVE_THREAD_DB_H 1
| #define HAVE_LINUX_ELF_H 1
| #define HAVE_SYS_FILE_H 1
| #define HAVE_SYS_IOCTL_H 1
| #define HAVE_SYS_PARAM_H 1
| #define HAVE_SYS_RESOURCE_H 1
| #define HAVE_SYS_PROCFS_H 1
| #define HAVE_SYS_PTRACE_H 1
| #define HAVE_SYS_REG_H 1
| #define HAVE_SYS_DEBUGREG_H 1
| #define HAVE_SYS_SELECT_H 1
| #define HAVE_TERMIOS_H 1
| #define HAVE_DLFCN_H 1
| #define HAVE_SYS_USER_H 1
| #define HAVE_CURSES_H 1
| #define HAVE_NCURSES_H 1
| #define HAVE_TERM_H 1
| #define HAVE_LONG_LONG 1
| #define SIZEOF_LONG_LONG 8
| #define HAVE_DECL_BASENAME 1
| #define HAVE_DECL_FFS 1
| #define HAVE_DECL_ASPRINTF 1
| #define HAVE_DECL_VASPRINTF 1
| #define HAVE_DECL_SNPRINTF 1
| #define HAVE_DECL_VSNPRINTF 1
| #define HAVE_DECL_STRTOL 1
| #define HAVE_DECL_STRTOUL 1
| #define HAVE_DECL_STRTOLL 1
| #define HAVE_DECL_STRTOULL 1
| #define HAVE_DECL_STRVERSCMP 1
| #define HAVE_DECL_SNPRINTF 1
| #define HAVE_LC_MESSAGES 1
| #define HAVE_STRUCT_STAT_ST_BLOCKS 1
| #define HAVE_STRUCT_STAT_ST_BLKSIZE 1
| #define HAVE_SOCKLEN_T 1
| #define HAVE_STDLIB_H 1
| #define HAVE_UNISTD_H 1
| #define HAVE_SYS_PARAM_H 1
| #define HAVE_GETPAGESIZE 1
| #define HAVE_MMAP 1
| #define HAVE_FORK 1
| #define HAVE_VFORK 1
| #define HAVE_WORKING_VFORK 1
| #define HAVE_WORKING_FORK 1
| #define HAVE_GETAUXVAL 1
| #define HAVE_GETRUSAGE 1
| #define HAVE_GETUID 1
| #define HAVE_GETGID 1
| #define HAVE_PIPE 1
| #define HAVE_POLL 1
| #define HAVE_PREAD 1
| #define HAVE_PREAD64 1
| #define HAVE_PWRITE 1
| #define HAVE_RESIZE_TERM 1
| #define HAVE_SBRK 1
| #define HAVE_GETPGID 1
| #define HAVE_SETPGID 1
| #define HAVE_SETPGRP 1
| #define HAVE_SETSID 1
| #define HAVE_SIGACTION 1
| #define HAVE_SIGPROCMASK 1
| #define HAVE_SIGSETMASK 1
| #define HAVE_SOCKETPAIR 1
| #define HAVE_WBORDER 1
| #define HAVE_WRESIZE 1
| #define HAVE_SETLOCALE 1
| #define HAVE_BTOWC 1
| #define HAVE_SETRLIMIT 1
| #define HAVE_GETRLIMIT 1
| #define HAVE_POSIX_MADVISE 1
| #define HAVE_WAITPID 1
| #define HAVE_SIGALTSTACK 1
| #define HAVE_SETNS 1
| #define HAVE_USE_DEFAULT_COLORS 1
| #define HAVE_LANGINFO_CODESET 1
| #define STDC_HEADERS 1
| #define HAVE_ALLOCA_H 1
| #define HAVE_ALLOCA 1
| #define HAVE_LANGINFO_CODESET 1
| #define HAVE_LINUX_PERF_EVENT_H 1
| #define HAVE_LOCALE_H 1
| #define HAVE_MEMORY_H 1
| #define HAVE_SIGNAL_H 1
| #define HAVE_SYS_RESOURCE_H 1
| #define HAVE_SYS_SOCKET_H 1
| #define HAVE_SYS_UN_H 1
| #define HAVE_SYS_WAIT_H 1
| #define HAVE_THREAD_DB_H 1
| #define HAVE_WAIT_H 1
| #define HAVE_TERMIOS_H 1
| #define HAVE_GETRLIMIT 1
| #define HAVE_PIPE 1
| #define HAVE_PIPE2 1
| #define HAVE_SOCKETPAIR 1
| #define HAVE_SIGACTION 1
| #define HAVE_DECL_STRERROR 1
| #define HAVE_DECL_STRSTR 1
| #define HAVE_SIGSETJMP 1
| #define HAVE_SYS_PTRACE_H 1
| #define HAVE_DECL_PTRACE 1
| #define PTRACE_TYPE_RET long
| #define PTRACE_TYPE_ARG1 enum __ptrace_request
| #define PTRACE_TYPE_ARG3 long
| #define PTRACE_TYPE_ARG4 long
| #define SETPGRP_VOID 1
| #define HAVE_STRUCT_USER_REGS_STRUCT_FS_BASE 1
| #define HAVE_STRUCT_USER_REGS_STRUCT_GS_BASE 1
| #define HAVE_PTRACE_GETREGS 1
| #define HAVE_PTRACE_GETFPXREGS 1
| #define HAVE_PRGREGSET_T 1
| #define HAVE_PRFPREGSET_T 1
| #define HAVE_LWPID_T 1
| #define HAVE_PSADDR_T 1
| #define HAVE_ELF_FPREGSET_T 1
| #define PRINTF_HAS_LONG_LONG 1
| #define HAVE_LONG_DOUBLE 1
| #define PRINTF_HAS_LONG_DOUBLE 1
| #define SCANF_HAS_LONG_DOUBLE 1
| #define THREAD_DB_HAS_TD_NOTALLOC 1
| #define THREAD_DB_HAS_TD_VERSION 1
| #define THREAD_DB_HAS_TD_NOTLS 1
| #define HAVE_DECL_ADDR_NO_RANDOMIZE 1
| #define HAVE_PERSONALITY 1
| #define GDBINIT ".gdbinit"
| #define TARGET_SYSTEM_ROOT ""
| #define TARGET_SYSTEM_ROOT_RELOCATABLE 0
| #define SYSTEM_GDBINIT ""
| #define SYSTEM_GDBINIT_RELOCATABLE 0
| /* end confdefs.h.  */
| 
| int
| main ()
| {
| 
|   ;
|   return 0;
| }
configure:15647: g++ -c -g -O2 -Werror -Wsuggest-override  conftest.cpp >&5
configure:15647: $? = 0
configure:15647: g++ -c -g -O2 -Werror -Wimplicit-fallthrough=3  conftest.cpp >&5
g++: error: unrecognized command line option '-Wimplicit-fallthrough=3'; did you mean '-Wno-fallthrough'?
configure:15647: $? = 1
configure: failed program was:
| /* confdefs.h */
| #define PACKAGE_NAME ""
| #define PACKAGE_TARNAME ""
| #define PACKAGE_VERSION ""
| #define PACKAGE_STRING ""
| #define PACKAGE_BUGREPORT ""
| #define PACKAGE_URL ""
| #define STDC_HEADERS 1
| #define HAVE_SYS_TYPES_H 1
| #define HAVE_SYS_STAT_H 1
| #define HAVE_STDLIB_H 1
| #define HAVE_STRING_H 1
| #define HAVE_MEMORY_H 1
| #define HAVE_STRINGS_H 1
| #define HAVE_INTTYPES_H 1
| #define HAVE_STDINT_H 1
| #define HAVE_UNISTD_H 1
| #define __EXTENSIONS__ 1
| #define _ALL_SOURCE 1
| #define _GNU_SOURCE 1
| #define _POSIX_PTHREAD_SEMANTICS 1
| #define _TANDEM_SOURCE 1
| #define HAVE_DLFCN_H 1
| #define HAVE_CXX11 1
| #define ENABLE_NLS 1
| #define PACKAGE "gdb"
| #define DEBUGDIR "/home/labredes/temp/gdb/lib/debug"
| #define DEBUGDIR_RELOCATABLE 1
| #define BINDIR "/home/labredes/temp/gdb/bin"
| #define GDB_DATADIR "/home/labredes/temp/gdb/share/gdb"
| #define GDB_DATADIR_RELOCATABLE 1
| #define AUTO_LOAD_DIR "$debugdir:$datadir/auto-load"
| #define AUTO_LOAD_SAFE_PATH "$debugdir:$datadir/auto-load"
| #define DEFAULT_BFD_ARCH bfd_i386_arch
| #define DEFAULT_BFD_VEC x86_64_elf64_vec
| #define HAVE_MONSTARTUP 1
| #define HAVE__MCLEANUP 1
| #define HAVE__ETEXT 1
| #define HAVE_ETEXT 1
| #define PKGVERSION "(GDB) "
| #define REPORT_BUGS_TO "<http://www.gnu.org/software/gdb/bugs/>"
| #define HAVE_LIBM 1
| #define HAVE_ICONV 1
| #define ICONV_CONST 
| #define SIZEOF_UNSIGNED_LONG_LONG 8
| #define SIZEOF_UNSIGNED_LONG 8
| #define SIZEOF_UNSIGNED___INT128 16
| #define JIT_READER_DIR "/home/labredes/temp/gdb/lib/gdb"
| #define JIT_READER_DIR_RELOCATABLE 1
| #define HAVE_LIBEXPAT 1
| #define HAVE_XML_STOPPARSER 1
| #define HAVE_LIBPYTHON2_7 1
| #define WITH_PYTHON_PATH "/home/labredes/anaconda2"
| #define PYTHON_PATH_RELOCATABLE 0
| #define HAVE_PYTHON 1
| #define STDC_HEADERS 1
| #define HAVE_POLL_H 1
| #define HAVE_SYS_POLL_H 1
| #define HAVE_THREAD_DB_H 1
| #define HAVE_LINUX_ELF_H 1
| #define HAVE_SYS_FILE_H 1
| #define HAVE_SYS_IOCTL_H 1
| #define HAVE_SYS_PARAM_H 1
| #define HAVE_SYS_RESOURCE_H 1
| #define HAVE_SYS_PROCFS_H 1
| #define HAVE_SYS_PTRACE_H 1
| #define HAVE_SYS_REG_H 1
| #define HAVE_SYS_DEBUGREG_H 1
| #define HAVE_SYS_SELECT_H 1
| #define HAVE_TERMIOS_H 1
| #define HAVE_DLFCN_H 1
| #define HAVE_SYS_USER_H 1
| #define HAVE_CURSES_H 1
| #define HAVE_NCURSES_H 1
| #define HAVE_TERM_H 1
| #define HAVE_LONG_LONG 1
| #define SIZEOF_LONG_LONG 8
| #define HAVE_DECL_BASENAME 1
| #define HAVE_DECL_FFS 1
| #define HAVE_DECL_ASPRINTF 1
| #define HAVE_DECL_VASPRINTF 1
| #define HAVE_DECL_SNPRINTF 1
| #define HAVE_DECL_VSNPRINTF 1
| #define HAVE_DECL_STRTOL 1
| #define HAVE_DECL_STRTOUL 1
| #define HAVE_DECL_STRTOLL 1
| #define HAVE_DECL_STRTOULL 1
| #define HAVE_DECL_STRVERSCMP 1
| #define HAVE_DECL_SNPRINTF 1
| #define HAVE_LC_MESSAGES 1
| #define HAVE_STRUCT_STAT_ST_BLOCKS 1
| #define HAVE_STRUCT_STAT_ST_BLKSIZE 1
| #define HAVE_SOCKLEN_T 1
| #define HAVE_STDLIB_H 1
| #define HAVE_UNISTD_H 1
| #define HAVE_SYS_PARAM_H 1
| #define HAVE_GETPAGESIZE 1
| #define HAVE_MMAP 1
| #define HAVE_FORK 1
| #define HAVE_VFORK 1
| #define HAVE_WORKING_VFORK 1
| #define HAVE_WORKING_FORK 1
| #define HAVE_GETAUXVAL 1
| #define HAVE_GETRUSAGE 1
| #define HAVE_GETUID 1
| #define HAVE_GETGID 1
| #define HAVE_PIPE 1
| #define HAVE_POLL 1
| #define HAVE_PREAD 1
| #define HAVE_PREAD64 1
| #define HAVE_PWRITE 1
| #define HAVE_RESIZE_TERM 1
| #define HAVE_SBRK 1
| #define HAVE_GETPGID 1
| #define HAVE_SETPGID 1
| #define HAVE_SETPGRP 1
| #define HAVE_SETSID 1
| #define HAVE_SIGACTION 1
| #define HAVE_SIGPROCMASK 1
| #define HAVE_SIGSETMASK 1
| #define HAVE_SOCKETPAIR 1
| #define HAVE_WBORDER 1
| #define HAVE_WRESIZE 1
| #define HAVE_SETLOCALE 1
| #define HAVE_BTOWC 1
| #define HAVE_SETRLIMIT 1
| #define HAVE_GETRLIMIT 1
| #define HAVE_POSIX_MADVISE 1
| #define HAVE_WAITPID 1
| #define HAVE_SIGALTSTACK 1
| #define HAVE_SETNS 1
| #define HAVE_USE_DEFAULT_COLORS 1
| #define HAVE_LANGINFO_CODESET 1
| #define STDC_HEADERS 1
| #define HAVE_ALLOCA_H 1
| #define HAVE_ALLOCA 1
| #define HAVE_LANGINFO_CODESET 1
| #define HAVE_LINUX_PERF_EVENT_H 1
| #define HAVE_LOCALE_H 1
| #define HAVE_MEMORY_H 1
| #define HAVE_SIGNAL_H 1
| #define HAVE_SYS_RESOURCE_H 1
| #define HAVE_SYS_SOCKET_H 1
| #define HAVE_SYS_UN_H 1
| #define HAVE_SYS_WAIT_H 1
| #define HAVE_THREAD_DB_H 1
| #define HAVE_WAIT_H 1
| #define HAVE_TERMIOS_H 1
| #define HAVE_GETRLIMIT 1
| #define HAVE_PIPE 1
| #define HAVE_PIPE2 1
| #define HAVE_SOCKETPAIR 1
| #define HAVE_SIGACTION 1
| #define HAVE_DECL_STRERROR 1
| #define HAVE_DECL_STRSTR 1
| #define HAVE_SIGSETJMP 1
| #define HAVE_SYS_PTRACE_H 1
| #define HAVE_DECL_PTRACE 1
| #define PTRACE_TYPE_RET long
| #define PTRACE_TYPE_ARG1 enum __ptrace_request
| #define PTRACE_TYPE_ARG3 long
| #define PTRACE_TYPE_ARG4 long
| #define SETPGRP_VOID 1
| #define HAVE_STRUCT_USER_REGS_STRUCT_FS_BASE 1
| #define HAVE_STRUCT_USER_REGS_STRUCT_GS_BASE 1
| #define HAVE_PTRACE_GETREGS 1
| #define HAVE_PTRACE_GETFPXREGS 1
| #define HAVE_PRGREGSET_T 1
| #define HAVE_PRFPREGSET_T 1
| #define HAVE_LWPID_T 1
| #define HAVE_PSADDR_T 1
| #define HAVE_ELF_FPREGSET_T 1
| #define PRINTF_HAS_LONG_LONG 1
| #define HAVE_LONG_DOUBLE 1
| #define PRINTF_HAS_LONG_DOUBLE 1
| #define SCANF_HAS_LONG_DOUBLE 1
| #define THREAD_DB_HAS_TD_NOTALLOC 1
| #define THREAD_DB_HAS_TD_VERSION 1
| #define THREAD_DB_HAS_TD_NOTLS 1
| #define HAVE_DECL_ADDR_NO_RANDOMIZE 1
| #define HAVE_PERSONALITY 1
| #define GDBINIT ".gdbinit"
| #define TARGET_SYSTEM_ROOT ""
| #define TARGET_SYSTEM_ROOT_RELOCATABLE 0
| #define SYSTEM_GDBINIT ""
| #define SYSTEM_GDBINIT_RELOCATABLE 0
| /* end confdefs.h.  */
| 
| int
| main ()
| {
| 
|   ;
|   return 0;
| }
configure:15647: g++ -c -g -O2 -Werror -Wduplicated-cond  conftest.cpp >&5
configure:15647: $? = 0
configure:15647: g++ -c -g -O2 -Werror -Wshadow=local  conftest.cpp >&5
g++: error: unrecognized command line option '-Wshadow=local'; did you mean '-Wshadow-ivar'?
configure:15647: $? = 1
configure: failed program was:
| /* confdefs.h */
| #define PACKAGE_NAME ""
| #define PACKAGE_TARNAME ""
| #define PACKAGE_VERSION ""
| #define PACKAGE_STRING ""
| #define PACKAGE_BUGREPORT ""
| #define PACKAGE_URL ""
| #define STDC_HEADERS 1
| #define HAVE_SYS_TYPES_H 1
| #define HAVE_SYS_STAT_H 1
| #define HAVE_STDLIB_H 1
| #define HAVE_STRING_H 1
| #define HAVE_MEMORY_H 1
| #define HAVE_STRINGS_H 1
| #define HAVE_INTTYPES_H 1
| #define HAVE_STDINT_H 1
| #define HAVE_UNISTD_H 1
| #define __EXTENSIONS__ 1
| #define _ALL_SOURCE 1
| #define _GNU_SOURCE 1
| #define _POSIX_PTHREAD_SEMANTICS 1
| #define _TANDEM_SOURCE 1
| #define HAVE_DLFCN_H 1
| #define HAVE_CXX11 1
| #define ENABLE_NLS 1
| #define PACKAGE "gdb"
| #define DEBUGDIR "/home/labredes/temp/gdb/lib/debug"
| #define DEBUGDIR_RELOCATABLE 1
| #define BINDIR "/home/labredes/temp/gdb/bin"
| #define GDB_DATADIR "/home/labredes/temp/gdb/share/gdb"
| #define GDB_DATADIR_RELOCATABLE 1
| #define AUTO_LOAD_DIR "$debugdir:$datadir/auto-load"
| #define AUTO_LOAD_SAFE_PATH "$debugdir:$datadir/auto-load"
| #define DEFAULT_BFD_ARCH bfd_i386_arch
| #define DEFAULT_BFD_VEC x86_64_elf64_vec
| #define HAVE_MONSTARTUP 1
| #define HAVE__MCLEANUP 1
| #define HAVE__ETEXT 1
| #define HAVE_ETEXT 1
| #define PKGVERSION "(GDB) "
| #define REPORT_BUGS_TO "<http://www.gnu.org/software/gdb/bugs/>"
| #define HAVE_LIBM 1
| #define HAVE_ICONV 1
| #define ICONV_CONST 
| #define SIZEOF_UNSIGNED_LONG_LONG 8
| #define SIZEOF_UNSIGNED_LONG 8
| #define SIZEOF_UNSIGNED___INT128 16
| #define JIT_READER_DIR "/home/labredes/temp/gdb/lib/gdb"
| #define JIT_READER_DIR_RELOCATABLE 1
| #define HAVE_LIBEXPAT 1
| #define HAVE_XML_STOPPARSER 1
| #define HAVE_LIBPYTHON2_7 1
| #define WITH_PYTHON_PATH "/home/labredes/anaconda2"
| #define PYTHON_PATH_RELOCATABLE 0
| #define HAVE_PYTHON 1
| #define STDC_HEADERS 1
| #define HAVE_POLL_H 1
| #define HAVE_SYS_POLL_H 1
| #define HAVE_THREAD_DB_H 1
| #define HAVE_LINUX_ELF_H 1
| #define HAVE_SYS_FILE_H 1
| #define HAVE_SYS_IOCTL_H 1
| #define HAVE_SYS_PARAM_H 1
| #define HAVE_SYS_RESOURCE_H 1
| #define HAVE_SYS_PROCFS_H 1
| #define HAVE_SYS_PTRACE_H 1
| #define HAVE_SYS_REG_H 1
| #define HAVE_SYS_DEBUGREG_H 1
| #define HAVE_SYS_SELECT_H 1
| #define HAVE_TERMIOS_H 1
| #define HAVE_DLFCN_H 1
| #define HAVE_SYS_USER_H 1
| #define HAVE_CURSES_H 1
| #define HAVE_NCURSES_H 1
| #define HAVE_TERM_H 1
| #define HAVE_LONG_LONG 1
| #define SIZEOF_LONG_LONG 8
| #define HAVE_DECL_BASENAME 1
| #define HAVE_DECL_FFS 1
| #define HAVE_DECL_ASPRINTF 1
| #define HAVE_DECL_VASPRINTF 1
| #define HAVE_DECL_SNPRINTF 1
| #define HAVE_DECL_VSNPRINTF 1
| #define HAVE_DECL_STRTOL 1
| #define HAVE_DECL_STRTOUL 1
| #define HAVE_DECL_STRTOLL 1
| #define HAVE_DECL_STRTOULL 1
| #define HAVE_DECL_STRVERSCMP 1
| #define HAVE_DECL_SNPRINTF 1
| #define HAVE_LC_MESSAGES 1
| #define HAVE_STRUCT_STAT_ST_BLOCKS 1
| #define HAVE_STRUCT_STAT_ST_BLKSIZE 1
| #define HAVE_SOCKLEN_T 1
| #define HAVE_STDLIB_H 1
| #define HAVE_UNISTD_H 1
| #define HAVE_SYS_PARAM_H 1
| #define HAVE_GETPAGESIZE 1
| #define HAVE_MMAP 1
| #define HAVE_FORK 1
| #define HAVE_VFORK 1
| #define HAVE_WORKING_VFORK 1
| #define HAVE_WORKING_FORK 1
| #define HAVE_GETAUXVAL 1
| #define HAVE_GETRUSAGE 1
| #define HAVE_GETUID 1
| #define HAVE_GETGID 1
| #define HAVE_PIPE 1
| #define HAVE_POLL 1
| #define HAVE_PREAD 1
| #define HAVE_PREAD64 1
| #define HAVE_PWRITE 1
| #define HAVE_RESIZE_TERM 1
| #define HAVE_SBRK 1
| #define HAVE_GETPGID 1
| #define HAVE_SETPGID 1
| #define HAVE_SETPGRP 1
| #define HAVE_SETSID 1
| #define HAVE_SIGACTION 1
| #define HAVE_SIGPROCMASK 1
| #define HAVE_SIGSETMASK 1
| #define HAVE_SOCKETPAIR 1
| #define HAVE_WBORDER 1
| #define HAVE_WRESIZE 1
| #define HAVE_SETLOCALE 1
| #define HAVE_BTOWC 1
| #define HAVE_SETRLIMIT 1
| #define HAVE_GETRLIMIT 1
| #define HAVE_POSIX_MADVISE 1
| #define HAVE_WAITPID 1
| #define HAVE_SIGALTSTACK 1
| #define HAVE_SETNS 1
| #define HAVE_USE_DEFAULT_COLORS 1
| #define HAVE_LANGINFO_CODESET 1
| #define STDC_HEADERS 1
| #define HAVE_ALLOCA_H 1
| #define HAVE_ALLOCA 1
| #define HAVE_LANGINFO_CODESET 1
| #define HAVE_LINUX_PERF_EVENT_H 1
| #define HAVE_LOCALE_H 1
| #define HAVE_MEMORY_H 1
| #define HAVE_SIGNAL_H 1
| #define HAVE_SYS_RESOURCE_H 1
| #define HAVE_SYS_SOCKET_H 1
| #define HAVE_SYS_UN_H 1
| #define HAVE_SYS_WAIT_H 1
| #define HAVE_THREAD_DB_H 1
| #define HAVE_WAIT_H 1
| #define HAVE_TERMIOS_H 1
| #define HAVE_GETRLIMIT 1
| #define HAVE_PIPE 1
| #define HAVE_PIPE2 1
| #define HAVE_SOCKETPAIR 1
| #define HAVE_SIGACTION 1
| #define HAVE_DECL_STRERROR 1
| #define HAVE_DECL_STRSTR 1
| #define HAVE_SIGSETJMP 1
| #define HAVE_SYS_PTRACE_H 1
| #define HAVE_DECL_PTRACE 1
| #define PTRACE_TYPE_RET long
| #define PTRACE_TYPE_ARG1 enum __ptrace_request
| #define PTRACE_TYPE_ARG3 long
| #define PTRACE_TYPE_ARG4 long
| #define SETPGRP_VOID 1
| #define HAVE_STRUCT_USER_REGS_STRUCT_FS_BASE 1
| #define HAVE_STRUCT_USER_REGS_STRUCT_GS_BASE 1
| #define HAVE_PTRACE_GETREGS 1
| #define HAVE_PTRACE_GETFPXREGS 1
| #define HAVE_PRGREGSET_T 1
| #define HAVE_PRFPREGSET_T 1
| #define HAVE_LWPID_T 1
| #define HAVE_PSADDR_T 1
| #define HAVE_ELF_FPREGSET_T 1
| #define PRINTF_HAS_LONG_LONG 1
| #define HAVE_LONG_DOUBLE 1
| #define PRINTF_HAS_LONG_DOUBLE 1
| #define SCANF_HAS_LONG_DOUBLE 1
| #define THREAD_DB_HAS_TD_NOTALLOC 1
| #define THREAD_DB_HAS_TD_VERSION 1
| #define THREAD_DB_HAS_TD_NOTLS 1
| #define HAVE_DECL_ADDR_NO_RANDOMIZE 1
| #define HAVE_PERSONALITY 1
| #define GDBINIT ".gdbinit"
| #define TARGET_SYSTEM_ROOT ""
| #define TARGET_SYSTEM_ROOT_RELOCATABLE 0
| #define SYSTEM_GDBINIT ""
| #define SYSTEM_GDBINIT_RELOCATABLE 0
| /* end confdefs.h.  */
| 
| int
| main ()
| {
| 
|   ;
|   return 0;
| }
configure:15647: g++ -c -g -O2 -Werror -Wformat -Wformat-nonliteral  conftest.cpp >&5
configure:15647: $? = 0
configure:15656: result:  -Wall -Wpointer-arith -Wno-unused -Wunused-value -Wunused-variable -Wunused-function -Wno-switch -Wno-char-subscripts -Wempty-body -Wunused-but-set-parameter -Wunused-but-set-variable -Wno-sign-compare -Wno-error=maybe-uninitialized -Wsuggest-override -Wduplicated-cond -Wformat -Wformat-nonliteral 
configure:15728: checking for cygwin
configure:15749: result: no
configure:15796: checking for ELF support in BFD
configure:15823: result: yes
configure:15835: checking for library containing dlopen
configure:15883: result: none required
configure:15907: checking for Mach-O support in BFD
configure:15934: result: no
configure:15956: checking whether to use lzma
configure:15958: result: auto
configure:16372: checking for liblzma
configure:16403: result: no
configure:16959: checking for X
configure:17148: result: libraries , headers 
configure:17276: checking whether gdbserver is supported on this host
configure:17279: result: yes
configure:17305: checking whether to use babeltrace
configure:17307: result: auto
configure:17732: checking for libbabeltrace
configure:17772: result: no
configure:17801: WARNING: babeltrace is missing or unusable; GDB is unable to read CTF data.
configure:17833: checking for xsltproc
configure:17863: result: /home/labredes/anaconda2/bin/xsltproc
configure:18076: creating ./config.status

## ---------------------- ##
## Running config.status. ##
## ---------------------- ##

This file was extended by config.status, which was
generated by GNU Autoconf 2.69.  Invocation command line was

  CONFIG_FILES    = 
  CONFIG_HEADERS  = 
  CONFIG_LINKS    = 
  CONFIG_COMMANDS = 
  $ ./config.status 

on Labredes

config.status:1205: creating jit-reader.h
config.status:1205: creating gcore
config.status:1205: creating Makefile
config.status:1205: creating gdb-gdb.gdb
config.status:1205: creating gdb-gdb.py
config.status:1205: creating doc/Makefile
config.status:1205: creating data-directory/Makefile
config.status:1205: creating config.h
config.status:1411: linking config/nm-linux.h to nm.h
config.status:1430: executing depdir commands
configure:19438: === configuring in testsuite (/home/labredes/Downloads/gdb-8.3/gdb/testsuite)
configure:19501: running /bin/bash ./configure --disable-option-checking '--prefix=/home/labredes/temp/gdb'  '--program-transform-name=s,y,y,' '--build=x86_64-pc-linux-gnu' '--host=x86_64-pc-linux-gnu' '--target=x86_64-pc-linux-gnu' 'build_alias=x86_64-pc-linux-gnu' 'host_alias=x86_64-pc-linux-gnu' 'target_alias=x86_64-pc-linux-gnu' 'CC=gcc' 'CFLAGS=-g -O2' 'LDFLAGS=-static-libstdc++ -static-libgcc ' 'CXX=g++' 'CXXFLAGS=-g -O2' 'MAKEINFO=makeinfo --split-size=5000000' 'YACC=bison -y' --cache-file=.././config.cache --srcdir=.
configure:19438: === configuring in gdbserver (/home/labredes/Downloads/gdb-8.3/gdb/gdbserver)
configure:19501: running /bin/bash ./configure --disable-option-checking '--prefix=/home/labredes/temp/gdb'  '--program-transform-name=s,y,y,' '--build=x86_64-pc-linux-gnu' '--host=x86_64-pc-linux-gnu' '--target=x86_64-pc-linux-gnu' 'build_alias=x86_64-pc-linux-gnu' 'host_alias=x86_64-pc-linux-gnu' 'target_alias=x86_64-pc-linux-gnu' 'CC=gcc' 'CFLAGS=-g -O2' 'LDFLAGS=-static-libstdc++ -static-libgcc ' 'CXX=g++' 'CXXFLAGS=-g -O2' 'MAKEINFO=makeinfo --split-size=5000000' 'YACC=bison -y' --cache-file=.././config.cache --srcdir=.

## ---------------- ##
## Cache variables. ##
## ---------------- ##

ac_cv_build=x86_64-pc-linux-gnu
ac_cv_c_bigendian=no
ac_cv_c_compiler_gnu=yes
ac_cv_c_const=yes
ac_cv_c_inline=inline
ac_cv_cxx_compiler_gnu=yes
ac_cv_env_CCC_set=
ac_cv_env_CCC_value=
ac_cv_env_CC_set=set
ac_cv_env_CC_value=gcc
ac_cv_env_CFLAGS_set=set
ac_cv_env_CFLAGS_value='-g -O2'
ac_cv_env_CPPFLAGS_set=
ac_cv_env_CPPFLAGS_value=
ac_cv_env_CPP_set=
ac_cv_env_CPP_value=
ac_cv_env_CXXFLAGS_set=set
ac_cv_env_CXXFLAGS_value='-g -O2'
ac_cv_env_CXX_set=set
ac_cv_env_CXX_value=g++
ac_cv_env_LDFLAGS_set=set
ac_cv_env_LDFLAGS_value='-static-libstdc++ -static-libgcc '
ac_cv_env_LIBS_set=
ac_cv_env_LIBS_value=
ac_cv_env_MAKEINFOFLAGS_set=
ac_cv_env_MAKEINFOFLAGS_value=
ac_cv_env_MAKEINFO_set=set
ac_cv_env_MAKEINFO_value='makeinfo --split-size=5000000'
ac_cv_env_XMKMF_set=
ac_cv_env_XMKMF_value=
ac_cv_env_YACC_set=set
ac_cv_env_YACC_value='bison -y'
ac_cv_env_YFLAGS_set=
ac_cv_env_YFLAGS_value=
ac_cv_env_build_alias_set=set
ac_cv_env_build_alias_value=x86_64-pc-linux-gnu
ac_cv_env_host_alias_set=set
ac_cv_env_host_alias_value=x86_64-pc-linux-gnu
ac_cv_env_target_alias_set=set
ac_cv_env_target_alias_value=x86_64-pc-linux-gnu
ac_cv_func_XML_StopParser=yes
ac_cv_func__mcleanup=yes
ac_cv_func_alloca_works=yes
ac_cv_func_btowc=yes
ac_cv_func_dladdr=yes
ac_cv_func_fdwalk=no
ac_cv_func_fork=yes
ac_cv_func_fork_works=yes
ac_cv_func_getauxval=yes
ac_cv_func_getgid=yes
ac_cv_func_getpagesize=yes
ac_cv_func_getpgid=yes
ac_cv_func_getrlimit=yes
ac_cv_func_getrusage=yes
ac_cv_func_getuid=yes
ac_cv_func_iconvlist=no
ac_cv_func_libiconvlist=no
ac_cv_func_mmap_fixed_mapped=yes
ac_cv_func_monstartup=yes
ac_cv_func_pipe2=yes
ac_cv_func_pipe=yes
ac_cv_func_poll=yes
ac_cv_func_posix_madvise=yes
ac_cv_func_pread64=yes
ac_cv_func_pread=yes
ac_cv_func_ptrace64=no
ac_cv_func_pwrite=yes
ac_cv_func_resize_term=yes
ac_cv_func_sbrk=yes
ac_cv_func_setlocale=yes
ac_cv_func_setns=yes
ac_cv_func_setpgid=yes
ac_cv_func_setpgrp=yes
ac_cv_func_setpgrp_void=yes
ac_cv_func_setrlimit=yes
ac_cv_func_setsid=yes
ac_cv_func_sigaction=yes
ac_cv_func_sigaltstack=yes
ac_cv_func_sigprocmask=yes
ac_cv_func_sigsetmask=yes
ac_cv_func_socketpair=yes
ac_cv_func_ttrace=no
ac_cv_func_use_default_colors=yes
ac_cv_func_vfork=yes
ac_cv_func_vfork_works=yes
ac_cv_func_waitpid=yes
ac_cv_func_wborder=yes
ac_cv_func_wresize=yes
ac_cv_have_decl_ADDR_NO_RANDOMIZE=yes
ac_cv_have_decl_asprintf=yes
ac_cv_have_decl_basename_char_p_=yes
ac_cv_have_decl_ffs=yes
ac_cv_have_decl_perror=yes
ac_cv_have_decl_ptrace=yes
ac_cv_have_decl_snprintf=yes
ac_cv_have_decl_strerror=yes
ac_cv_have_decl_strstr=yes
ac_cv_have_decl_strtol=yes
ac_cv_have_decl_strtoll=yes
ac_cv_have_decl_strtoul=yes
ac_cv_have_decl_strtoull=yes
ac_cv_have_decl_strverscmp=yes
ac_cv_have_decl_vasprintf=yes
ac_cv_have_decl_vsnprintf=yes
ac_cv_have_x='have_x=yes	ac_x_includes='\'''\''	ac_x_libraries='\'''\'''
ac_cv_header_arpa_inet_h=yes
ac_cv_header_cursesX_h=no
ac_cv_header_curses_h=yes
ac_cv_header_dlfcn_h=yes
ac_cv_header_elf_hp_h=no
ac_cv_header_fcntl_h=yes
ac_cv_header_inttypes_h=yes
ac_cv_header_libunwind_ia64_h=no
ac_cv_header_linux_elf_h=yes
ac_cv_header_linux_perf_event_h=yes
ac_cv_header_locale_h=yes
ac_cv_header_machine_reg_h=no
ac_cv_header_memory_h=yes
ac_cv_header_minix_config_h=no
ac_cv_header_ncurses_h=yes
ac_cv_header_ncurses_ncurses_h=no
ac_cv_header_ncurses_term_h=no
ac_cv_header_ncursesw_ncurses_h=no
ac_cv_header_netdb_h=yes
ac_cv_header_netinet_in_h=yes
ac_cv_header_netinet_tcp_h=yes
ac_cv_header_nlist_h=no
ac_cv_header_poll_h=yes
ac_cv_header_proc_service_h=no
ac_cv_header_pthread_h=yes
ac_cv_header_ptrace_h=no
ac_cv_header_signal_h=yes
ac_cv_header_stdc=yes
ac_cv_header_stdint_h=yes
ac_cv_header_stdlib_h=yes
ac_cv_header_string_h=yes
ac_cv_header_strings_h=yes
ac_cv_header_sys_debugreg_h=yes
ac_cv_header_sys_file_h=yes
ac_cv_header_sys_filio_h=no
ac_cv_header_sys_ioctl_h=yes
ac_cv_header_sys_param_h=yes
ac_cv_header_sys_poll_h=yes
ac_cv_header_sys_procfs_h=yes
ac_cv_header_sys_ptrace_h=yes
ac_cv_header_sys_reg_h=yes
ac_cv_header_sys_resource_h=yes
ac_cv_header_sys_select_h=yes
ac_cv_header_sys_socket_h=yes
ac_cv_header_sys_stat_h=yes
ac_cv_header_sys_types_h=yes
ac_cv_header_sys_un_h=yes
ac_cv_header_sys_user_h=yes
ac_cv_header_sys_wait_h=yes
ac_cv_header_term_h=yes
ac_cv_header_termios_h=yes
ac_cv_header_thread_db_h=yes
ac_cv_header_unistd_h=yes
ac_cv_header_vfork_h=no
ac_cv_header_wait_h=yes
ac_cv_header_windows_h=no
ac_cv_host=x86_64-pc-linux-gnu
ac_cv_lib_dl_dlopen=yes
ac_cv_lib_m_main=yes
ac_cv_libbabeltrace=no
ac_cv_libexpat=yes
ac_cv_libipt=no
ac_cv_liblzma=no
ac_cv_libmpfr=no
ac_cv_member_struct_ptrace_lwpinfo_pl_syscall_code=no
ac_cv_member_struct_ptrace_lwpinfo_pl_tdname=no
ac_cv_member_struct_reg_r_fs=no
ac_cv_member_struct_reg_r_gs=no
ac_cv_member_struct_stat_st_blksize=yes
ac_cv_member_struct_stat_st_blocks=yes
ac_cv_member_struct_thread_td_pcb=no
ac_cv_member_struct_user_regs_struct_fs_base=yes
ac_cv_member_struct_user_regs_struct_gs_base=yes
ac_cv_objext=o
ac_cv_path_EGREP='/bin/grep -E'
ac_cv_path_GREP=/bin/grep
ac_cv_path_XSLTPROC=/home/labredes/anaconda2/bin/xsltproc
ac_cv_path_pkg_config_prog_path=/home/labredes/Documentos/linuxdistro/buildroot/output/host/bin/pkg-config
ac_cv_path_python_prog_path=/home/labredes/anaconda2/bin/python
ac_cv_prog_AR=ar
ac_cv_prog_AWK=gawk
ac_cv_prog_CC=gcc
ac_cv_prog_CPP='gcc -E'
ac_cv_prog_DLLTOOL=dlltool
ac_cv_prog_RANLIB=ranlib
ac_cv_prog_WINDRES=windres
ac_cv_prog_YACC='bison -y'
ac_cv_prog_cc_c89=
ac_cv_prog_cc_g=yes
ac_cv_prog_cxx_g=yes
ac_cv_safe_to_define___extensions__=yes
ac_cv_search_dlopen='none required'
ac_cv_search_dlsym=-ldl
ac_cv_search_gethostbyname='none required'
ac_cv_search_kinfo_getfile=no
ac_cv_search_kinfo_getvmmap=no
ac_cv_search_socketpair='none required'
ac_cv_search_tgetent='none required'
ac_cv_search_waddstr=-lncurses
ac_cv_sizeof_long_long=8
ac_cv_sizeof_unsigned___int128=16
ac_cv_sizeof_unsigned_long=8
ac_cv_sizeof_unsigned_long_long=8
ac_cv_sys_file_offset_bits=no
ac_cv_sys_largefile_CC=no
ac_cv_target=x86_64-pc-linux-gnu
ac_cv_type_Elf32_auxv_t=yes
ac_cv_type_Elf64_auxv_t=yes
ac_cv_type_long_long=yes
ac_cv_type_pid_t=yes
ac_cv_type_size_t=yes
ac_cv_type_socklen_t=yes
ac_cv_var__etext=yes
ac_cv_var_etext=yes
ac_cv_working_alloca_h=yes
acl_cv_hardcode_direct=no
acl_cv_hardcode_libdir_flag_spec='${wl}-rpath ${wl}$libdir'
acl_cv_hardcode_libdir_separator=
acl_cv_hardcode_minus_L=no
acl_cv_libext=a
acl_cv_path_LD=ld
acl_cv_prog_gnu_ld=yes
acl_cv_rpath=done
acl_cv_shlibext=so
acl_cv_wl=-Wl,
am_cv_CC_dependencies_compiler_type=gcc3
am_cv_func_iconv=yes
am_cv_langinfo_codeset=yes
am_cv_lib_iconv=no
am_cv_prog_cc_stdc=
am_cv_proto_iconv='extern size_t iconv (iconv_t cd, char * *inbuf, size_t *inbytesleft, char * *outbuf, size_t *outbytesleft);'
am_cv_proto_iconv_arg1=
am_cv_val_LC_MESSAGES=yes
ax_cv_cxx_compile_cxx11=yes
bfd_cv_have_sys_procfs_type_elf_fpregset_t=yes
bfd_cv_have_sys_procfs_type_fpregset_t=no
bfd_cv_have_sys_procfs_type_gregset_t=no
bfd_cv_have_sys_procfs_type_lwpid_t=yes
bfd_cv_have_sys_procfs_type_prfpregset_t=yes
bfd_cv_have_sys_procfs_type_prgregset32_t=no
bfd_cv_have_sys_procfs_type_prgregset_t=yes
bfd_cv_have_sys_procfs_type_psaddr_t=yes
gdb_cv_c_long_double=yes
gdb_cv_c_long_long=yes
gdb_cv_func_ptrace_args='enum __ptrace_request,int,long,long'
gdb_cv_func_ptrace_ret=long
gdb_cv_func_sigsetjmp=yes
gdb_cv_have_gnu_regex=yes
gdb_cv_have_makeinfo_click=yes
gdb_cv_have_pt_getdbregs=no
gdb_cv_have_pt_getxmmregs=no
gdb_cv_have_ptrace_getfpxregs=yes
gdb_cv_have_ptrace_getregs=yes
gdb_cv_os_cygwin=no
gdb_cv_printf_has_decfloat=no
gdb_cv_printf_has_long_double=yes
gdb_cv_printf_has_long_long=yes
gdb_cv_scanf_has_long_double=yes
gdb_cv_struct_lwp=no
gdb_cv_struct_reg=no
gdb_cv_thread_db_h_has_td_notalloc=yes
gdb_cv_thread_db_h_has_td_notls=yes
gdb_cv_thread_db_h_has_td_version=yes
gdb_cv_var_elf=yes
gdb_cv_var_macho=no
gdb_cv_x86_is_x32=no
gdbsrv_cv_have_personality=true
gdbsrv_cv_have_ptrace_getfpxregs=yes
gdbsrv_cv_have_ptrace_getregs=yes
gdbsrv_cv_have_sync_builtins=yes
gdbsrv_cv_have_td_version=yes
gdbsrv_cv_have_visibility_hidden=yes

## ----------------- ##
## Output variables. ##
## ----------------- ##

		linux-thread-db.o linux-nat.o nat/linux-osdata.o linux-fork.o \
		nat/linux-personality.o nat/linux-namespaces.o x86-nat.o nat/x86-dregs.o 		amd64-nat.o amd64-linux-nat.o x86-linux-nat.o 		nat/linux-btrace.o 		nat/x86-linux.o nat/x86-linux-dregs.o 		nat/amd64-linux-siginfo.o'
		nat/linux-procfs.o nat/linux-ptrace.o nat/linux-waitpid.o \
		proc-service.o \
ALLOCA=''
AR='ar'
AWK='gawk'
CATALOGS=''
CATOBJEXT='.gmo'
CC='gcc'
CCDEPMODE='depmode=gcc3'
CFLAGS='-g -O2'
CODESIGN_CERT=''
CONFIG_ALL=' all-po'
CONFIG_CLEAN=' clean-po'
CONFIG_DEPS=' $(SUBDIR_MI_DEPS) $(SUBDIR_TUI_DEPS) $(SUBDIR_PYTHON_DEPS)'
CONFIG_INSTALL=' install-po install-python'
CONFIG_LDFLAGS=''
CONFIG_OBS=' $(SUBDIR_MI_OBS) $(SUBDIR_TUI_OBS) $(SUBDIR_PYTHON_OBS) guile/guile.o elfread.o stap-probe.o dtrace-probe.o posix-hdep.o common/posix-strerror.o'
CONFIG_SRCS=' $(SUBDIR_MI_SRCS) $(SUBDIR_TUI_SRCS) $(SUBDIR_PYTHON_SRCS) guile/guile.c'
CONFIG_UNINSTALL=' uninstall-po'
CPP='gcc -E'
CPPFLAGS=''
CXX='g++'
CXXFLAGS='-g -O2'
CXX_DIALECT=''
DATADIRNAME='share'
DEBUGDIR='${exec_prefix}/lib/debug'
DEFS='-DHAVE_CONFIG_H'
DEPDIR='.deps'
DLLTOOL='dlltool'
ECHO_C=''
ECHO_N='-n'
ECHO_T=''
EGREP='/bin/grep -E'
ENABLE_CFLAGS=' $(SUBDIR_MI_CFLAGS) $(SUBDIR_TUI_CFLAGS) $(SUBDIR_PYTHON_CFLAGS)'
EXEEXT=''
GCORE_TRANSFORM_NAME='gcore'
GDBTKLIBS=''
GDBTK_CFLAGS=''
GDBTK_SRC_DIR=''
GDB_DATADIR='${datarootdir}/gdb'
GDB_NM_FILE='config/nm-linux.h'
GDB_TRANSFORM_NAME='gdb'
GENCAT='gencat'
GMSGFMT='/usr/bin/msgfmt'
GNULIB_STDINT_H=''
GREP='/bin/grep'
GUILD=''
GUILD_TARGET_FLAG=''
GUILE_CPPFLAGS=''
GUILE_LIBS=''
GUI_CFLAGS_X='-I./../libgui/src'
HAVE_CXX11='1'
HAVE_GUILE_FALSE=''
HAVE_GUILE_TRUE='#'
HAVE_LIBBABELTRACE='no'
HAVE_LIBEXPAT='yes'
HAVE_LIBIPT='no'
HAVE_LIBLZMA='no'
HAVE_LIBMPFR='no'
HAVE_NATIVE_GCORE_HOST=''
HAVE_NATIVE_GCORE_TARGET='1'
HAVE_PYTHON_FALSE='#'
HAVE_PYTHON_TRUE=''
INCINTL=''
INSTALL_DATA='/usr/bin/install -c -m 644'
INSTALL_PROGRAM='/usr/bin/install -c'
INSTALL_SCRIPT='/usr/bin/install -c'
INSTALL_STRIP_PROGRAM='$(install_sh) -c -s'
INSTOBJEXT='.mo'
JIT_READER_DIR='${exec_prefix}/lib/gdb'
LDFLAGS='-static-libstdc++ -static-libgcc '
LIBBABELTRACE=''
LIBEXPAT='-lexpat'
LIBGUI='../libgui/src/libgui.a'
LIBICONV=''
LIBINTL=''
LIBINTL_DEP=''
LIBIPT=''
LIBLZMA=''
LIBMPFR=''
LIBOBJS=''
LIBS='-lncurses -lm -ldl '
LN_S='ln -s'
LOADLIBES='-ldl $(RDYNAMIC)'
LTLIBBABELTRACE=''
LTLIBEXPAT='-lexpat'
LTLIBICONV=''
LTLIBIPT=''
LTLIBLZMA=''
LTLIBMPFR=''
LTLIBOBJS=''
MAINT='#'
MAINTAINER_MODE_FALSE=''
MAINTAINER_MODE_TRUE='#'
MAKEINFO='makeinfo --split-size=5000000'
MAKEINFOFLAGS=''
MAKEINFO_EXTRA_FLAGS=' -DHAVE_MAKEINFO_CLICK'
MH_CFLAGS=''
MIG=''
NATDEPFILES='inf-ptrace.o fork-child.o nat/fork-inferior.o \
NAT_CDEPS='$(srcdir)/proc-service.list'
NAT_FILE='config/nm-linux.h'
NAT_GENERATED_FILES=''
OBJEXT='o'
PACKAGE='gdb'
PACKAGE_BUGREPORT=''
PACKAGE_NAME=''
PACKAGE_STRING=''
PACKAGE_TARNAME=''
PACKAGE_URL=''
PACKAGE_VERSION=''
PATH_SEPARATOR=':'
PKGVERSION='(GDB) '
POSUB='po'
PROFILE_CFLAGS=''
PYTHON_CFLAGS=' -fno-strict-aliasing -fwrapv -DNDEBUG'
PYTHON_CPPFLAGS='-I/home/labredes/anaconda2/include/python2.7 -I/home/labredes/anaconda2/include/python2.7'
PYTHON_LIBS='-lpython2.7 -lpthread -ldl -lutil -lm '
RANLIB='ranlib'
RDYNAMIC='-Wl,--dynamic-list=$(srcdir)/proc-service.list'
READLINE='$(READLINE_DIR)/libreadline.a'
READLINE_CFLAGS='-I$(READLINE_SRC)/..'
READLINE_DEPS='$(READLINE)'
READLINE_TEXI_INCFLAG='-I $(READLINE_DIR)'
REPORT_BUGS_TEXI='@uref{http://www.gnu.org/software/gdb/bugs/}'
REPORT_BUGS_TO='<http://www.gnu.org/software/gdb/bugs/>'
SER_HARDWIRE='ser-base.o ser-unix.o ser-pipe.o ser-tcp.o ser-uds.o'
SHELL='/bin/bash'
SIM=''
SIM_OBS=''
SRCHIGH_CFLAGS=''
SRCHIGH_LIBS=''
STRIP=''
SYSTEM_GDBINIT=''
TARGET_OBS=' i386-tdep.o arch/i386.o i387-tdep.o x86-tdep.o amd64-tdep.o arch/amd64.o amd64-linux-tdep.o i386-linux-tdep.o glibc-tdep.o solib-svr4.o symfile-mem.o linux-tdep.o linux-record.o'
TARGET_PTR='unsigned long'
TARGET_SYSTEM_ROOT=''
TCL_BIN_DIR=''
TCL_DEPS=''
TCL_INCLUDE=''
TCL_LIBRARY=''
TCL_LIB_FILE=''
TCL_LIB_FLAG=''
TCL_LIB_SPEC=''
TCL_PATCH_LEVEL=''
TCL_SRC_DIR=''
TCL_STUB_LIB_FILE=''
TCL_STUB_LIB_FLAG=''
TCL_STUB_LIB_SPEC=''
TCL_VERSION=''
TK_BIN_DIR=''
TK_DEPS=''
TK_INCLUDE=''
TK_LIBRARY=''
TK_LIB_FILE=''
TK_LIB_FLAG=''
TK_LIB_SPEC=''
TK_SRC_DIR=''
TK_STUB_LIB_FILE=''
TK_STUB_LIB_FLAG=''
TK_STUB_LIB_SPEC=''
TK_VERSION=''
TK_XINCLUDES=''
USE_NLS='yes'
WARN_CFLAGS=' -Wall -Wpointer-arith -Wno-unused -Wunused-value -Wunused-variable -Wunused-function -Wno-switch -Wno-char-subscripts -Wempty-body -Wunused-but-set-parameter -Wunused-but-set-variable -Wno-sign-compare -Wno-error=maybe-uninitialized -Wsuggest-override -Wduplicated-cond -Wformat -Wformat-nonliteral'
WERROR_CFLAGS=''
WIN32LDAPP=''
WIN32LIBS=''
WINDRES='windres'
XGETTEXT='/usr/bin/xgettext'
XMKMF=''
XM_CLIBS=''
XSLTPROC='/home/labredes/anaconda2/bin/xsltproc'
X_CFLAGS=''
X_LDFLAGS=''
X_LIBS=''
YACC='bison -y'
YFLAGS=''
ac_ct_CC=''
ac_ct_CXX=''
am__leading_dot='.'
bindir='${exec_prefix}/bin'
build='x86_64-pc-linux-gnu'
build_alias='x86_64-pc-linux-gnu'
build_cpu='x86_64'
build_os='linux-gnu'
build_vendor='pc'
datadir='${datarootdir}'
datarootdir='${prefix}/share'
docdir='${datarootdir}/doc/${PACKAGE}'
dvidir='${docdir}'
exec_prefix='${prefix}'
host='x86_64-pc-linux-gnu'
host_alias='x86_64-pc-linux-gnu'
host_cpu='x86_64'
host_os='linux-gnu'
host_vendor='pc'
htmldir='${docdir}'
includedir='${prefix}/include'
infodir='${datarootdir}/info'
install_sh='${SHELL} /home/labredes/Downloads/gdb-8.3/install-sh'
libdir='${exec_prefix}/lib'
libexecdir='${exec_prefix}/libexec'
localedir='${datadir}/locale'
localstatedir='${prefix}/var'
mandir='${datarootdir}/man'
oldincludedir='/usr/include'
pdfdir='${docdir}'
pkg_config_prog_path='/home/labredes/Documentos/linuxdistro/buildroot/output/host/bin/pkg-config'
prefix='/home/labredes/temp/gdb'
program_transform_name='s,y,y,'
psdir='${docdir}'
python_prog_path='/home/labredes/anaconda2/bin/python'
sbindir='${exec_prefix}/sbin'
sharedstatedir='${prefix}/com'
subdirs=' testsuite gdbserver'
sysconfdir='${prefix}/etc'
target='x86_64-pc-linux-gnu'
target_alias='x86_64-pc-linux-gnu'
target_cpu='x86_64'
target_os='linux-gnu'
target_subdir=''
target_vendor='pc'
zlibdir='-L$(top_builddir)/../zlib'
zlibinc='-I$(top_srcdir)/../zlib'

## ------------------- ##
## File substitutions. ##
## ------------------- ##

nat_makefile_frag='/dev/null'

## ----------- ##
## confdefs.h. ##
## ----------- ##

/* confdefs.h */
#define PACKAGE_NAME ""
#define PACKAGE_TARNAME ""
#define PACKAGE_VERSION ""
#define PACKAGE_STRING ""
#define PACKAGE_BUGREPORT ""
#define PACKAGE_URL ""
#define STDC_HEADERS 1
#define HAVE_SYS_TYPES_H 1
#define HAVE_SYS_STAT_H 1
#define HAVE_STDLIB_H 1
#define HAVE_STRING_H 1
#define HAVE_MEMORY_H 1
#define HAVE_STRINGS_H 1
#define HAVE_INTTYPES_H 1
#define HAVE_STDINT_H 1
#define HAVE_UNISTD_H 1
#define __EXTENSIONS__ 1
#define _ALL_SOURCE 1
#define _GNU_SOURCE 1
#define _POSIX_PTHREAD_SEMANTICS 1
#define _TANDEM_SOURCE 1
#define HAVE_DLFCN_H 1
#define HAVE_CXX11 1
#define ENABLE_NLS 1
#define PACKAGE "gdb"
#define DEBUGDIR "/home/labredes/temp/gdb/lib/debug"
#define DEBUGDIR_RELOCATABLE 1
#define BINDIR "/home/labredes/temp/gdb/bin"
#define GDB_DATADIR "/home/labredes/temp/gdb/share/gdb"
#define GDB_DATADIR_RELOCATABLE 1
#define AUTO_LOAD_DIR "$debugdir:$datadir/auto-load"
#define AUTO_LOAD_SAFE_PATH "$debugdir:$datadir/auto-load"
#define DEFAULT_BFD_ARCH bfd_i386_arch
#define DEFAULT_BFD_VEC x86_64_elf64_vec
#define HAVE_MONSTARTUP 1
#define HAVE__MCLEANUP 1
#define HAVE__ETEXT 1
#define HAVE_ETEXT 1
#define PKGVERSION "(GDB) "
#define REPORT_BUGS_TO "<http://www.gnu.org/software/gdb/bugs/>"
#define HAVE_LIBM 1
#define HAVE_ICONV 1
#define ICONV_CONST 
#define SIZEOF_UNSIGNED_LONG_LONG 8
#define SIZEOF_UNSIGNED_LONG 8
#define SIZEOF_UNSIGNED___INT128 16
#define JIT_READER_DIR "/home/labredes/temp/gdb/lib/gdb"
#define JIT_READER_DIR_RELOCATABLE 1
#define HAVE_LIBEXPAT 1
#define HAVE_XML_STOPPARSER 1
#define HAVE_LIBPYTHON2_7 1
#define WITH_PYTHON_PATH "/home/labredes/anaconda2"
#define PYTHON_PATH_RELOCATABLE 0
#define HAVE_PYTHON 1
#define STDC_HEADERS 1
#define HAVE_POLL_H 1
#define HAVE_SYS_POLL_H 1
#define HAVE_THREAD_DB_H 1
#define HAVE_LINUX_ELF_H 1
#define HAVE_SYS_FILE_H 1
#define HAVE_SYS_IOCTL_H 1
#define HAVE_SYS_PARAM_H 1
#define HAVE_SYS_RESOURCE_H 1
#define HAVE_SYS_PROCFS_H 1
#define HAVE_SYS_PTRACE_H 1
#define HAVE_SYS_REG_H 1
#define HAVE_SYS_DEBUGREG_H 1
#define HAVE_SYS_SELECT_H 1
#define HAVE_TERMIOS_H 1
#define HAVE_DLFCN_H 1
#define HAVE_SYS_USER_H 1
#define HAVE_CURSES_H 1
#define HAVE_NCURSES_H 1
#define HAVE_TERM_H 1
#define HAVE_LONG_LONG 1
#define SIZEOF_LONG_LONG 8
#define HAVE_DECL_BASENAME 1
#define HAVE_DECL_FFS 1
#define HAVE_DECL_ASPRINTF 1
#define HAVE_DECL_VASPRINTF 1
#define HAVE_DECL_SNPRINTF 1
#define HAVE_DECL_VSNPRINTF 1
#define HAVE_DECL_STRTOL 1
#define HAVE_DECL_STRTOUL 1
#define HAVE_DECL_STRTOLL 1
#define HAVE_DECL_STRTOULL 1
#define HAVE_DECL_STRVERSCMP 1
#define HAVE_DECL_SNPRINTF 1
#define HAVE_LC_MESSAGES 1
#define HAVE_STRUCT_STAT_ST_BLOCKS 1
#define HAVE_STRUCT_STAT_ST_BLKSIZE 1
#define HAVE_SOCKLEN_T 1
#define HAVE_STDLIB_H 1
#define HAVE_UNISTD_H 1
#define HAVE_SYS_PARAM_H 1
#define HAVE_GETPAGESIZE 1
#define HAVE_MMAP 1
#define HAVE_FORK 1
#define HAVE_VFORK 1
#define HAVE_WORKING_VFORK 1
#define HAVE_WORKING_FORK 1
#define HAVE_GETAUXVAL 1
#define HAVE_GETRUSAGE 1
#define HAVE_GETUID 1
#define HAVE_GETGID 1
#define HAVE_PIPE 1
#define HAVE_POLL 1
#define HAVE_PREAD 1
#define HAVE_PREAD64 1
#define HAVE_PWRITE 1
#define HAVE_RESIZE_TERM 1
#define HAVE_SBRK 1
#define HAVE_GETPGID 1
#define HAVE_SETPGID 1
#define HAVE_SETPGRP 1
#define HAVE_SETSID 1
#define HAVE_SIGACTION 1
#define HAVE_SIGPROCMASK 1
#define HAVE_SIGSETMASK 1
#define HAVE_SOCKETPAIR 1
#define HAVE_WBORDER 1
#define HAVE_WRESIZE 1
#define HAVE_SETLOCALE 1
#define HAVE_BTOWC 1
#define HAVE_SETRLIMIT 1
#define HAVE_GETRLIMIT 1
#define HAVE_POSIX_MADVISE 1
#define HAVE_WAITPID 1
#define HAVE_SIGALTSTACK 1
#define HAVE_SETNS 1
#define HAVE_USE_DEFAULT_COLORS 1
#define HAVE_LANGINFO_CODESET 1
#define STDC_HEADERS 1
#define HAVE_ALLOCA_H 1
#define HAVE_ALLOCA 1
#define HAVE_LANGINFO_CODESET 1
#define HAVE_LINUX_PERF_EVENT_H 1
#define HAVE_LOCALE_H 1
#define HAVE_MEMORY_H 1
#define HAVE_SIGNAL_H 1
#define HAVE_SYS_RESOURCE_H 1
#define HAVE_SYS_SOCKET_H 1
#define HAVE_SYS_UN_H 1
#define HAVE_SYS_WAIT_H 1
#define HAVE_THREAD_DB_H 1
#define HAVE_WAIT_H 1
#define HAVE_TERMIOS_H 1
#define HAVE_GETRLIMIT 1
#define HAVE_PIPE 1
#define HAVE_PIPE2 1
#define HAVE_SOCKETPAIR 1
#define HAVE_SIGACTION 1
#define HAVE_DECL_STRERROR 1
#define HAVE_DECL_STRSTR 1
#define HAVE_SIGSETJMP 1
#define HAVE_SYS_PTRACE_H 1
#define HAVE_DECL_PTRACE 1
#define PTRACE_TYPE_RET long
#define PTRACE_TYPE_ARG1 enum __ptrace_request
#define PTRACE_TYPE_ARG3 long
#define PTRACE_TYPE_ARG4 long
#define SETPGRP_VOID 1
#define HAVE_STRUCT_USER_REGS_STRUCT_FS_BASE 1
#define HAVE_STRUCT_USER_REGS_STRUCT_GS_BASE 1
#define HAVE_PTRACE_GETREGS 1
#define HAVE_PTRACE_GETFPXREGS 1
#define HAVE_PRGREGSET_T 1
#define HAVE_PRFPREGSET_T 1
#define HAVE_LWPID_T 1
#define HAVE_PSADDR_T 1
#define HAVE_ELF_FPREGSET_T 1
#define PRINTF_HAS_LONG_LONG 1
#define HAVE_LONG_DOUBLE 1
#define PRINTF_HAS_LONG_DOUBLE 1
#define SCANF_HAS_LONG_DOUBLE 1
#define THREAD_DB_HAS_TD_NOTALLOC 1
#define THREAD_DB_HAS_TD_VERSION 1
#define THREAD_DB_HAS_TD_NOTLS 1
#define HAVE_DECL_ADDR_NO_RANDOMIZE 1
#define HAVE_PERSONALITY 1
#define GDBINIT ".gdbinit"
#define TARGET_SYSTEM_ROOT ""
#define TARGET_SYSTEM_ROOT_RELOCATABLE 0
#define SYSTEM_GDBINIT ""
#define SYSTEM_GDBINIT_RELOCATABLE 0
#define HAVE_ELF 1
#define GDB_HOST_FLOAT_FORMAT &floatformat_ieee_single_little
#define GDB_HOST_DOUBLE_FORMAT &floatformat_ieee_double_little
#define GDB_HOST_LONG_DOUBLE_FORMAT &floatformat_i387_ext
#define GDB_OSABI_DEFAULT GDB_OSABI_LINUX
#define GDB_NM_FILE "config/nm-linux.h"
#define GDB_DEFAULT_HOST_CHARSET "UTF-8"

configure: exit 0

## ---------------------- ##
## Running config.status. ##
## ---------------------- ##

This file was extended by config.status, which was
generated by GNU Autoconf 2.69.  Invocation command line was

  CONFIG_FILES    = 
  CONFIG_HEADERS  = config.h:config.in
  CONFIG_LINKS    = 
  CONFIG_COMMANDS = default depdir
  $ config.status 

on Labredes

config.status:1205: creating config.h
config.status:1385: config.h is unchanged
config.status:1430: executing default commands
config.status:1430: executing depdir commands

## ---------------------- ##
## Running config.status. ##
## ---------------------- ##

This file was extended by config.status, which was
generated by GNU Autoconf 2.69.  Invocation command line was

  CONFIG_FILES    = 
  CONFIG_HEADERS  = config.h:config.in
  CONFIG_LINKS    = 
  CONFIG_COMMANDS = default depdir
  $ config.status 

on Labredes

config.status:1205: creating config.h
config.status:1385: config.h is unchanged
config.status:1430: executing default commands
config.status:1430: executing depdir commands
